Started GET "/" for ::1 at 2019-10-18 15:13:59 -0700
  [1m[35m (2.4ms)[0m  [1m[34mSELECT sqlite_version(*)[0m
Processing by Rails::WelcomeController#index as HTML
  Rendering /Users/jackzhang/.rbenv/versions/2.6.3/lib/ruby/gems/2.6.0/gems/railties-6.0.0/lib/rails/templates/rails/welcome/index.html.erb
  Rendered /Users/jackzhang/.rbenv/versions/2.6.3/lib/ruby/gems/2.6.0/gems/railties-6.0.0/lib/rails/templates/rails/welcome/index.html.erb (Duration: 9.5ms | Allocations: 490)
Completed 200 OK in 22ms (Views: 14.8ms | ActiveRecord: 0.0ms | Allocations: 2871)


Started GET "/" for ::1 at 2019-10-18 15:19:51 -0700
  [1m[35m (1.1ms)[0m  [1m[34mSELECT sqlite_version(*)[0m
Processing by Rails::WelcomeController#index as HTML
  Rendering /Users/piersonmarks/.rbenv/versions/2.6.3/lib/ruby/gems/2.6.0/gems/railties-6.0.0/lib/rails/templates/rails/welcome/index.html.erb
  Rendered /Users/piersonmarks/.rbenv/versions/2.6.3/lib/ruby/gems/2.6.0/gems/railties-6.0.0/lib/rails/templates/rails/welcome/index.html.erb (Duration: 5.6ms | Allocations: 489)
Completed 200 OK in 16ms (Views: 9.2ms | ActiveRecord: 0.0ms | Allocations: 2874)


Started GET "/" for ::1 at 2019-10-18 15:34:49 -0700
  [1m[35m (30.7ms)[0m  [1m[34mSELECT sqlite_version(*)[0m
Processing by Rails::WelcomeController#index as HTML
  Rendering /home/nikita1923666/.rbenv/versions/2.6.3/lib/ruby/gems/2.6.0/gems/railties-6.0.0/lib/rails/templates/rails/welcome/index.html.erb
  Rendered /home/nikita1923666/.rbenv/versions/2.6.3/lib/ruby/gems/2.6.0/gems/railties-6.0.0/lib/rails/templates/rails/welcome/index.html.erb (Duration: 102.5ms | Allocations: 315)
Completed 200 OK in 153ms (Views: 126.2ms | ActiveRecord: 0.0ms | Allocations: 1741)


Started GET "/" for ::1 at 2019-10-18 15:43:41 -0700
  [1m[35m (5.4ms)[0m  [1m[34mSELECT sqlite_version(*)[0m
Processing by Rails::WelcomeController#index as HTML
  Rendering /home/nikita1923666/.rbenv/versions/2.6.3/lib/ruby/gems/2.6.0/gems/railties-6.0.0/lib/rails/templates/rails/welcome/index.html.erb
  Rendered /home/nikita1923666/.rbenv/versions/2.6.3/lib/ruby/gems/2.6.0/gems/railties-6.0.0/lib/rails/templates/rails/welcome/index.html.erb (Duration: 28.4ms | Allocations: 486)
Completed 200 OK in 82ms (Views: 53.8ms | ActiveRecord: 0.0ms | Allocations: 2825)


Started GET "/" for ::1 at 2019-10-18 16:05:01 -0700
  [1m[35m (0.3ms)[0m  [1m[34mSELECT sqlite_version(*)[0m
Processing by Rails::WelcomeController#index as HTML
  Rendering /Users/piersonmarks/.rbenv/versions/2.6.3/lib/ruby/gems/2.6.0/gems/railties-6.0.0/lib/rails/templates/rails/welcome/index.html.erb
  Rendered /Users/piersonmarks/.rbenv/versions/2.6.3/lib/ruby/gems/2.6.0/gems/railties-6.0.0/lib/rails/templates/rails/welcome/index.html.erb (Duration: 4.7ms | Allocations: 316)
Completed 200 OK in 10ms (Views: 5.7ms | ActiveRecord: 0.0ms | Allocations: 1782)


  [1m[35m (0.3ms)[0m  [1m[34mSELECT sqlite_version(*)[0m
  [1m[35m (1.3ms)[0m  [1m[35mCREATE TABLE "schema_migrations" ("version" varchar NOT NULL PRIMARY KEY)[0m
  [1m[35m (0.9ms)[0m  [1m[35mCREATE TABLE "ar_internal_metadata" ("key" varchar NOT NULL PRIMARY KEY, "value" varchar, "created_at" datetime(6) NOT NULL, "updated_at" datetime(6) NOT NULL)[0m
  [1m[35m (0.1ms)[0m  [1m[34mSELECT "schema_migrations"."version" FROM "schema_migrations" ORDER BY "schema_migrations"."version" ASC[0m
Migrating to CreateUsers (20191019000316)
  [1m[35m (0.0ms)[0m  [1m[36mbegin transaction[0m
  [1m[35m (0.3ms)[0m  [1m[35mCREATE TABLE "users" ("id" integer PRIMARY KEY AUTOINCREMENT NOT NULL, "email" varchar, "firstname" varchar, "lastname" varchar, "created_at" datetime(6) NOT NULL, "updated_at" datetime(6) NOT NULL)[0m
  [1m[36mprimary::SchemaMigration Create (0.1ms)[0m  [1m[32mINSERT INTO "schema_migrations" ("version") VALUES (?)[0m  [["version", "20191019000316"]]
  [1m[35m (0.8ms)[0m  [1m[36mcommit transaction[0m
  [1m[36mActiveRecord::InternalMetadata Load (0.1ms)[0m  [1m[34mSELECT "ar_internal_metadata".* FROM "ar_internal_metadata" WHERE "ar_internal_metadata"."key" = ? LIMIT ?[0m  [["key", "environment"], ["LIMIT", 1]]
  [1m[35m (0.0ms)[0m  [1m[36mbegin transaction[0m
  [1m[36mActiveRecord::InternalMetadata Create (0.2ms)[0m  [1m[32mINSERT INTO "ar_internal_metadata" ("key", "value", "created_at", "updated_at") VALUES (?, ?, ?, ?)[0m  [["key", "environment"], ["value", "development"], ["created_at", "2019-10-19 00:03:30.520168"], ["updated_at", "2019-10-19 00:03:30.520168"]]
  [1m[35m (0.7ms)[0m  [1m[36mcommit transaction[0m
  [1m[35m (0.0ms)[0m  [1m[34mSELECT sqlite_version(*)[0m
  [1m[35m (0.1ms)[0m  [1m[34mSELECT "schema_migrations"."version" FROM "schema_migrations" ORDER BY "schema_migrations"."version" ASC[0m
Started GET "/" for ::1 at 2019-10-18 17:03:37 -0700
  [1m[35m (0.3ms)[0m  [1m[34mSELECT sqlite_version(*)[0m
  [1m[35m (0.1ms)[0m  [1m[34mSELECT "schema_migrations"."version" FROM "schema_migrations" ORDER BY "schema_migrations"."version" ASC[0m
Processing by Rails::WelcomeController#index as HTML
  Rendering /Users/piersonmarks/.rbenv/versions/2.6.3/lib/ruby/gems/2.6.0/gems/railties-6.0.0/lib/rails/templates/rails/welcome/index.html.erb
  Rendered /Users/piersonmarks/.rbenv/versions/2.6.3/lib/ruby/gems/2.6.0/gems/railties-6.0.0/lib/rails/templates/rails/welcome/index.html.erb (Duration: 4.8ms | Allocations: 316)
Completed 200 OK in 11ms (Views: 6.2ms | ActiveRecord: 0.0ms | Allocations: 1781)


Started GET "/" for ::1 at 2019-10-18 17:06:09 -0700
  [1m[35m (0.3ms)[0m  [1m[34mSELECT sqlite_version(*)[0m
  [1m[35m (0.1ms)[0m  [1m[34mSELECT "schema_migrations"."version" FROM "schema_migrations" ORDER BY "schema_migrations"."version" ASC[0m
Processing by ApplicationController#index as HTML
  Rendering html template
  Rendered html template (Duration: 2.7ms | Allocations: 42)
Completed 200 OK in 8ms (Views: 5.0ms | ActiveRecord: 0.0ms | Allocations: 1738)


Started GET "/users" for ::1 at 2019-10-18 17:07:02 -0700
  [1m[35m (0.3ms)[0m  [1m[34mSELECT sqlite_version(*)[0m
  [1m[35m (0.1ms)[0m  [1m[34mSELECT "schema_migrations"."version" FROM "schema_migrations" ORDER BY "schema_migrations"."version" ASC[0m
Processing by UsersController#index as HTML
  Rendering users/index.html.erb within layouts/application
  [1m[36mUser Load (0.2ms)[0m  [1m[34mSELECT "users".* FROM "users"[0m
  ↳ app/views/users/index.html.erb:16
  Rendered users/index.html.erb within layouts/application (Duration: 2.5ms | Allocations: 1449)
[Webpacker] Compiling…
[Webpacker] Compiled all packs in /Users/piersonmarks/Desktop/Poolfolio/poolfolio/poolfolio/public/packs
Completed 200 OK in 3087ms (Views: 3078.9ms | ActiveRecord: 0.4ms | Allocations: 1376443)


Started GET "/" for 131.179.58.104 at 2019-10-24 21:20:24 +0000
Cannot render console from 131.179.58.104! Allowed networks: 127.0.0.0/127.255.255.255, ::1
  [1m[35m (2.2ms)[0m  [1m[34mSELECT sqlite_version(*)[0m
  [1m[35m (0.1ms)[0m  [1m[34mSELECT "schema_migrations"."version" FROM "schema_migrations" ORDER BY "schema_migrations"."version" ASC[0m
Processing by ApplicationController#index as HTML
  Rendering html template
  Rendered html template (Duration: 0.0ms | Allocations: 5)
Completed 200 OK in 7ms (Views: 2.9ms | ActiveRecord: 0.0ms | Allocations: 1217)


Started GET "/" for 131.179.58.104 at 2019-10-24 21:20:26 +0000
Cannot render console from 131.179.58.104! Allowed networks: 127.0.0.0/127.255.255.255, ::1
Processing by ApplicationController#index as HTML
  Rendering html template
  Rendered html template (Duration: 0.0ms | Allocations: 3)
Completed 200 OK in 2ms (Views: 1.9ms | ActiveRecord: 0.0ms | Allocations: 291)


Started GET "/" for 131.179.58.104 at 2019-10-24 21:22:47 +0000
Cannot render console from 131.179.58.104! Allowed networks: 127.0.0.0/127.255.255.255, ::1
  [1m[35m (0.4ms)[0m  [1m[34mSELECT sqlite_version(*)[0m
  [1m[35m (0.1ms)[0m  [1m[34mSELECT "schema_migrations"."version" FROM "schema_migrations" ORDER BY "schema_migrations"."version" ASC[0m
Processing by ApplicationController#index as HTML
  Rendering html template
  Rendered html template (Duration: 0.0ms | Allocations: 5)
Completed 200 OK in 9ms (Views: 4.4ms | ActiveRecord: 0.0ms | Allocations: 1086)


Started GET "/" for 131.179.58.104 at 2019-10-24 21:23:33 +0000
Cannot render console from 131.179.58.104! Allowed networks: 127.0.0.0/127.255.255.255, ::1
  [1m[35m (0.4ms)[0m  [1m[34mSELECT sqlite_version(*)[0m
  [1m[35m (0.1ms)[0m  [1m[34mSELECT "schema_migrations"."version" FROM "schema_migrations" ORDER BY "schema_migrations"."version" ASC[0m
Processing by ApplicationController#index as HTML
  Rendering html template
  Rendered html template (Duration: 0.0ms | Allocations: 5)
Completed 200 OK in 6ms (Views: 2.3ms | ActiveRecord: 0.0ms | Allocations: 1084)


Started GET "/" for 131.179.58.104 at 2019-10-24 21:23:36 +0000
Cannot render console from 131.179.58.104! Allowed networks: 127.0.0.0/127.255.255.255, ::1
Processing by ApplicationController#index as HTML
  Rendering html template
  Rendered html template (Duration: 0.0ms | Allocations: 3)
Completed 200 OK in 12ms (Views: 1.3ms | ActiveRecord: 0.0ms | Allocations: 295)


Started GET "/" for 131.179.58.104 at 2019-10-24 21:24:03 +0000
Cannot render console from 131.179.58.104! Allowed networks: 127.0.0.0/127.255.255.255, ::1
Processing by ApplicationController#index as HTML
  Rendering html template
  Rendered html template (Duration: 0.0ms | Allocations: 3)
Completed 200 OK in 2ms (Views: 1.5ms | ActiveRecord: 0.0ms | Allocations: 293)


Started GET "/users/new" for 131.179.58.104 at 2019-10-24 21:24:08 +0000
Cannot render console from 131.179.58.104! Allowed networks: 127.0.0.0/127.255.255.255, ::1
Processing by UsersController#new as HTML
  Rendering users/new.html.erb within layouts/application
  Rendered users/_form.html.erb (Duration: 11.8ms | Allocations: 5363)
  Rendered users/new.html.erb within layouts/application (Duration: 14.1ms | Allocations: 5838)
Started GET "/users/new" for 131.179.58.104 at 2019-10-24 21:24:09 +0000
Cannot render console from 131.179.58.104! Allowed networks: 127.0.0.0/127.255.255.255, ::1
  [1m[35m (0.1ms)[0m  [1m[34mSELECT sqlite_version(*)[0m
Processing by UsersController#new as HTML
  Rendering users/new.html.erb within layouts/application
  Rendered users/_form.html.erb (Duration: 1.6ms | Allocations: 903)
  Rendered users/new.html.erb within layouts/application (Duration: 2.3ms | Allocations: 990)
[Webpacker] Compiling…
[Webpacker] Compiling…
[Webpacker] Compiled all packs in /home/ubuntu/environment/poolfolio/public/packs
Completed 200 OK in 10054ms (Views: 10043.7ms | ActiveRecord: 0.6ms | Allocations: 2265361)


[Webpacker] Compiled all packs in /home/ubuntu/environment/poolfolio/public/packs
Completed 200 OK in 9754ms (Views: 9752.9ms | ActiveRecord: 0.0ms | Allocations: 1763755)


Started GET "/users/new" for 131.179.58.104 at 2019-10-24 21:24:34 +0000
Cannot render console from 131.179.58.104! Allowed networks: 127.0.0.0/127.255.255.255, ::1
Processing by UsersController#new as HTML
  Rendering users/new.html.erb within layouts/application
  Rendered users/_form.html.erb (Duration: 1.7ms | Allocations: 886)
  Rendered users/new.html.erb within layouts/application (Duration: 2.4ms | Allocations: 971)
Completed 200 OK in 10ms (Views: 9.5ms | ActiveRecord: 0.0ms | Allocations: 6315)


Started GET "/users/1" for 131.179.58.104 at 2019-10-24 21:24:54 +0000
Cannot render console from 131.179.58.104! Allowed networks: 127.0.0.0/127.255.255.255, ::1
Processing by UsersController#show as HTML
  Parameters: {"id"=>"1"}
  [1m[36mUser Load (1.1ms)[0m  [1m[34mSELECT "users".* FROM "users" WHERE "users"."id" = ? LIMIT ?[0m  [["id", 1], ["LIMIT", 1]]
  ↳ app/controllers/users_controller.rb:67:in `set_user'
Completed 404 Not Found in 14ms (ActiveRecord: 1.1ms | Allocations: 3744)


  
ActiveRecord::RecordNotFound (Couldn't find User with 'id'=1):
  
app/controllers/users_controller.rb:67:in `set_user'
Started GET "/users/1" for 131.179.58.104 at 2019-10-24 21:24:55 +0000
Cannot render console from 131.179.58.104! Allowed networks: 127.0.0.0/127.255.255.255, ::1
Processing by UsersController#show as HTML
  Parameters: {"id"=>"1"}
  [1m[36mUser Load (0.1ms)[0m  [1m[34mSELECT "users".* FROM "users" WHERE "users"."id" = ? LIMIT ?[0m  [["id", 1], ["LIMIT", 1]]
  ↳ app/controllers/users_controller.rb:67:in `set_user'
Completed 404 Not Found in 2ms (ActiveRecord: 0.1ms | Allocations: 1136)


  
ActiveRecord::RecordNotFound (Couldn't find User with 'id'=1):
  
app/controllers/users_controller.rb:67:in `set_user'
Started GET "/users/1" for 131.179.58.104 at 2019-10-24 21:25:46 +0000
Cannot render console from 131.179.58.104! Allowed networks: 127.0.0.0/127.255.255.255, ::1
Processing by UsersController#show as HTML
  Parameters: {"id"=>"1"}
  [1m[36mUser Load (0.1ms)[0m  [1m[34mSELECT "users".* FROM "users" WHERE "users"."id" = ? LIMIT ?[0m  [["id", 1], ["LIMIT", 1]]
  ↳ app/controllers/users_controller.rb:67:in `set_user'
Completed 404 Not Found in 3ms (ActiveRecord: 0.1ms | Allocations: 1115)


  
ActiveRecord::RecordNotFound (Couldn't find User with 'id'=1):
  
app/controllers/users_controller.rb:67:in `set_user'
Started GET "/users" for 131.179.58.104 at 2019-10-24 21:25:46 +0000
Cannot render console from 131.179.58.104! Allowed networks: 127.0.0.0/127.255.255.255, ::1
Processing by UsersController#index as HTML
  Rendering users/index.html.erb within layouts/application
  [1m[36mUser Load (0.2ms)[0m  [1m[34mSELECT "users".* FROM "users"[0m
  ↳ app/views/users/index.html.erb:16
  Rendered users/index.html.erb within layouts/application (Duration: 2.4ms | Allocations: 930)
Completed 200 OK in 9ms (Views: 7.7ms | ActiveRecord: 0.2ms | Allocations: 6430)


Started GET "/users/1" for 131.179.58.104 at 2019-10-24 21:25:58 +0000
Cannot render console from 131.179.58.104! Allowed networks: 127.0.0.0/127.255.255.255, ::1
Processing by UsersController#show as HTML
  Parameters: {"id"=>"1"}
  [1m[36mUser Load (0.1ms)[0m  [1m[34mSELECT "users".* FROM "users" WHERE "users"."id" = ? LIMIT ?[0m  [["id", 1], ["LIMIT", 1]]
  ↳ app/controllers/users_controller.rb:67:in `set_user'
Completed 404 Not Found in 4ms (ActiveRecord: 0.1ms | Allocations: 1095)


  
ActiveRecord::RecordNotFound (Couldn't find User with 'id'=1):
  
app/controllers/users_controller.rb:67:in `set_user'
Started GET "/users/new" for 131.179.58.104 at 2019-10-24 21:25:59 +0000
Cannot render console from 131.179.58.104! Allowed networks: 127.0.0.0/127.255.255.255, ::1
Processing by UsersController#new as HTML
  Rendering users/new.html.erb within layouts/application
  Rendered users/_form.html.erb (Duration: 1.6ms | Allocations: 910)
  Rendered users/new.html.erb within layouts/application (Duration: 2.0ms | Allocations: 995)
Completed 200 OK in 8ms (Views: 7.1ms | ActiveRecord: 0.0ms | Allocations: 6327)


Started GET "/users/new" for 131.179.58.104 at 2019-10-24 21:25:59 +0000
Cannot render console from 131.179.58.104! Allowed networks: 127.0.0.0/127.255.255.255, ::1
Processing by UsersController#new as HTML
  Rendering users/new.html.erb within layouts/application
  Rendered users/_form.html.erb (Duration: 1.4ms | Allocations: 886)
  Rendered users/new.html.erb within layouts/application (Duration: 1.9ms | Allocations: 971)
Completed 200 OK in 8ms (Views: 7.0ms | ActiveRecord: 0.0ms | Allocations: 6296)


Started GET "/users/new" for 131.179.58.104 at 2019-10-24 21:26:19 +0000
Cannot render console from 131.179.58.104! Allowed networks: 127.0.0.0/127.255.255.255, ::1
Processing by UsersController#new as HTML
  Rendering users/new.html.erb within layouts/application
  Rendered users/_form.html.erb (Duration: 1.4ms | Allocations: 886)
  Rendered users/new.html.erb within layouts/application (Duration: 1.9ms | Allocations: 971)
Completed 200 OK in 8ms (Views: 7.3ms | ActiveRecord: 0.0ms | Allocations: 6302)


Started GET "/users/1" for 131.179.58.104 at 2019-10-24 21:26:20 +0000
Cannot render console from 131.179.58.104! Allowed networks: 127.0.0.0/127.255.255.255, ::1
Processing by UsersController#show as HTML
  Parameters: {"id"=>"1"}
  [1m[36mUser Load (0.1ms)[0m  [1m[34mSELECT "users".* FROM "users" WHERE "users"."id" = ? LIMIT ?[0m  [["id", 1], ["LIMIT", 1]]
  ↳ app/controllers/users_controller.rb:67:in `set_user'
Completed 404 Not Found in 2ms (ActiveRecord: 0.1ms | Allocations: 1105)


  
ActiveRecord::RecordNotFound (Couldn't find User with 'id'=1):
  
app/controllers/users_controller.rb:67:in `set_user'
Started GET "/users" for 131.179.58.104 at 2019-10-24 21:26:21 +0000
Cannot render console from 131.179.58.104! Allowed networks: 127.0.0.0/127.255.255.255, ::1
Processing by UsersController#index as HTML
  Rendering users/index.html.erb within layouts/application
  [1m[36mUser Load (0.1ms)[0m  [1m[34mSELECT "users".* FROM "users"[0m
  ↳ app/views/users/index.html.erb:16
  Rendered users/index.html.erb within layouts/application (Duration: 1.3ms | Allocations: 608)
Completed 200 OK in 21ms (Views: 20.3ms | ActiveRecord: 0.1ms | Allocations: 5942)


Started GET "/users" for 131.179.58.104 at 2019-10-24 21:26:21 +0000
Cannot render console from 131.179.58.104! Allowed networks: 127.0.0.0/127.255.255.255, ::1
Processing by UsersController#index as HTML
  Rendering users/index.html.erb within layouts/application
  [1m[36mUser Load (0.1ms)[0m  [1m[34mSELECT "users".* FROM "users"[0m
  ↳ app/views/users/index.html.erb:16
  Rendered users/index.html.erb within layouts/application (Duration: 1.4ms | Allocations: 610)
Completed 200 OK in 7ms (Views: 6.6ms | ActiveRecord: 0.1ms | Allocations: 5937)


Started GET "/users/new" for 131.179.58.104 at 2019-10-24 21:26:27 +0000
Cannot render console from 131.179.58.104! Allowed networks: 127.0.0.0/127.255.255.255, ::1
Processing by UsersController#new as HTML
  Rendering users/new.html.erb within layouts/application
  Rendered users/_form.html.erb (Duration: 1.5ms | Allocations: 886)
  Rendered users/new.html.erb within layouts/application (Duration: 1.9ms | Allocations: 971)
Completed 200 OK in 8ms (Views: 7.3ms | ActiveRecord: 0.0ms | Allocations: 6300)


Started POST "/users" for 131.179.58.104 at 2019-10-24 21:26:48 +0000
Cannot render console from 131.179.58.104! Allowed networks: 127.0.0.0/127.255.255.255, ::1
Processing by UsersController#create as HTML
  Parameters: {"authenticity_token"=>"0vw862xWLM0nyO8yMfeBzVm23x26A/2JNQCxqjh+W0Iv6RLqApYJ2/9NVjYJmjDJaYwk2Qw/xPWGQkMGZv6vxQ==", "user"=>{"email"=>"hanyao.liu98@gmail.com", "firstname"=>"Hanyao", "lastname"=>"Liu"}, "commit"=>"Create User"}
  [1m[35m (0.1ms)[0m  [1m[36mbegin transaction[0m
  ↳ app/controllers/users_controller.rb:30:in `block in create'
  [1m[36mUser Create (0.6ms)[0m  [1m[32mINSERT INTO "users" ("email", "firstname", "lastname", "created_at", "updated_at") VALUES (?, ?, ?, ?, ?)[0m  [["email", "hanyao.liu98@gmail.com"], ["firstname", "Hanyao"], ["lastname", "Liu"], ["created_at", "2019-10-24 21:26:48.423435"], ["updated_at", "2019-10-24 21:26:48.423435"]]
  ↳ app/controllers/users_controller.rb:30:in `block in create'
  [1m[35m (11.4ms)[0m  [1m[36mcommit transaction[0m
  ↳ app/controllers/users_controller.rb:30:in `block in create'
Redirected to https://fd89132787254177b5f05c030ee6fbc8.vfs.cloud9.us-east-2.amazonaws.com/users/1
Completed 302 Found in 18ms (ActiveRecord: 12.1ms | Allocations: 3787)


Started GET "/users/1" for 131.179.58.104 at 2019-10-24 21:26:48 +0000
Cannot render console from 131.179.58.104! Allowed networks: 127.0.0.0/127.255.255.255, ::1
Processing by UsersController#show as HTML
  Parameters: {"id"=>"1"}
  [1m[36mUser Load (0.1ms)[0m  [1m[34mSELECT "users".* FROM "users" WHERE "users"."id" = ? LIMIT ?[0m  [["id", 1], ["LIMIT", 1]]
  ↳ app/controllers/users_controller.rb:67:in `set_user'
  Rendering users/show.html.erb within layouts/application
  Rendered users/show.html.erb within layouts/application (Duration: 1.2ms | Allocations: 302)
Completed 200 OK in 10ms (Views: 6.7ms | ActiveRecord: 0.1ms | Allocations: 6287)


Started GET "/users" for 131.179.58.104 at 2019-10-24 21:26:52 +0000
Cannot render console from 131.179.58.104! Allowed networks: 127.0.0.0/127.255.255.255, ::1
Processing by UsersController#index as HTML
  Rendering users/index.html.erb within layouts/application
  [1m[36mUser Load (0.1ms)[0m  [1m[34mSELECT "users".* FROM "users"[0m
  ↳ app/views/users/index.html.erb:16
  Rendered users/index.html.erb within layouts/application (Duration: 1.6ms | Allocations: 739)
Completed 200 OK in 7ms (Views: 6.8ms | ActiveRecord: 0.1ms | Allocations: 6063)


  [1m[35m (1.2ms)[0m  [1m[34mSELECT sqlite_version(*)[0m
  [1m[35m (0.1ms)[0m  [1m[34mSELECT "schema_migrations"."version" FROM "schema_migrations" ORDER BY "schema_migrations"."version" ASC[0m
Migrating to AddIndexToUsersEmail (20191024220334)
  [1m[35m (0.1ms)[0m  [1m[36mbegin transaction[0m
  [1m[35m (3.1ms)[0m  [1m[35mCREATE UNIQUE INDEX "index_users_on_email" ON "users" ("email")[0m
  [1m[36mprimary::SchemaMigration Create (0.2ms)[0m  [1m[32mINSERT INTO "schema_migrations" ("version") VALUES (?)[0m  [["version", "20191024220334"]]
  [1m[35m (18.3ms)[0m  [1m[36mcommit transaction[0m
  [1m[36mActiveRecord::InternalMetadata Load (0.2ms)[0m  [1m[34mSELECT "ar_internal_metadata".* FROM "ar_internal_metadata" WHERE "ar_internal_metadata"."key" = ? LIMIT ?[0m  [["key", "environment"], ["LIMIT", 1]]
  [1m[35m (0.1ms)[0m  [1m[34mSELECT sqlite_version(*)[0m
  [1m[35m (0.2ms)[0m  [1m[34mSELECT "schema_migrations"."version" FROM "schema_migrations" ORDER BY "schema_migrations"."version" ASC[0m
  [1m[35m (0.4ms)[0m  [1m[34mSELECT sqlite_version(*)[0m
  [1m[35m (0.1ms)[0m  [1m[34mSELECT COUNT(*) FROM "users"[0m
Started GET "/" for ::1 at 2019-10-24 17:02:30 -0700
  [1m[35m (9.2ms)[0m  [1m[34mSELECT sqlite_version(*)[0m
  [1m[35m (0.4ms)[0m  [1m[34mSELECT "schema_migrations"."version" FROM "schema_migrations" ORDER BY "schema_migrations"."version" ASC[0m
Processing by ApplicationController#index as HTML
  Rendering html template
  Rendered html template (Duration: 0.1ms | Allocations: 5)
Completed 200 OK in 49ms (Views: 45.0ms | ActiveRecord: 0.0ms | Allocations: 1206)


Started GET "/" for ::1 at 2019-10-24 17:02:35 -0700
Processing by ApplicationController#index as HTML
  Rendering html template
  Rendered html template (Duration: 0.0ms | Allocations: 3)
Completed 200 OK in 2ms (Views: 1.6ms | ActiveRecord: 0.0ms | Allocations: 271)


Started GET "/users" for ::1 at 2019-10-24 17:14:28 -0700
  [1m[35m (0.1ms)[0m  [1m[34mSELECT sqlite_version(*)[0m
Processing by UsersController#index as HTML
  Rendering users/index.html.erb within layouts/application
  [1m[36mUser Load (1.4ms)[0m  [1m[34mSELECT "users".* FROM "users"[0m
  ↳ app/views/users/index.html.erb:16
  Rendered users/index.html.erb within layouts/application (Duration: 24.3ms | Allocations: 5389)
[Webpacker] Compiling…
[Webpacker] Compiled all packs in /mnt/c/Users/Nikita/Documents/projects/rails_test/myapp/public/packs
Completed 200 OK in 18849ms (Views: 18802.4ms | ActiveRecord: 2.8ms | Allocations: 1290931)


Started GET "/users/1" for ::1 at 2019-10-24 17:14:57 -0700
Processing by UsersController#show as HTML
  Parameters: {"id"=>"1"}
  [1m[36mUser Load (0.8ms)[0m  [1m[34mSELECT "users".* FROM "users" WHERE "users"."id" = ? LIMIT ?[0m  [["id", 1], ["LIMIT", 1]]
  ↳ app/controllers/users_controller.rb:67:in `set_user'
  Rendering users/show.html.erb within layouts/application
  Rendered users/show.html.erb within layouts/application (Duration: 1.4ms | Allocations: 307)
Completed 200 OK in 48ms (Views: 24.3ms | ActiveRecord: 0.8ms | Allocations: 7202)


Started GET "/users/new" for ::1 at 2019-10-24 17:15:06 -0700
Processing by UsersController#new as HTML
  Rendering users/new.html.erb within layouts/application
  Rendered users/_form.html.erb (Duration: 99.7ms | Allocations: 8272)
  Rendered users/new.html.erb within layouts/application (Duration: 101.3ms | Allocations: 8622)
Completed 200 OK in 115ms (Views: 113.6ms | ActiveRecord: 0.0ms | Allocations: 14045)


Started GET "/" for ::1 at 2019-10-24 19:16:06 -0700
Started GET "/" for ::1 at 2019-10-24 19:16:06 -0700
  [1m[35m (7.6ms)[0m  [1m[34mSELECT sqlite_version(*)[0m
  [1m[35m (0.1ms)[0m  [1m[34mSELECT sqlite_version(*)[0m
  [1m[35m (0.3ms)[0m  [1m[34mSELECT "schema_migrations"."version" FROM "schema_migrations" ORDER BY "schema_migrations"."version" ASC[0m
  [1m[35m (0.2ms)[0m  [1m[34mSELECT "schema_migrations"."version" FROM "schema_migrations" ORDER BY "schema_migrations"."version" ASC[0m
Processing by ApplicationController#index as HTML
Processing by ApplicationController#index as HTML
  Rendering html template
  Rendered html template (Duration: 0.0ms | Allocations: 5)
Completed 200 OK in 1ms (Views: 0.8ms | ActiveRecord: 0.0ms | Allocations: 260)


  Rendering html template
  Rendered html template (Duration: 0.0ms | Allocations: 3)
Completed 200 OK in 61ms (Views: 58.2ms | ActiveRecord: 0.0ms | Allocations: 1631)


Started GET "/users" for ::1 at 2019-10-24 19:16:13 -0700
Processing by UsersController#index as HTML
  Rendering users/index.html.erb within layouts/application
  [1m[36mUser Load (0.7ms)[0m  [1m[34mSELECT "users".* FROM "users"[0m
  ↳ app/views/users/index.html.erb:16
  Rendered users/index.html.erb within layouts/application (Duration: 26.3ms | Allocations: 5339)
Completed 200 OK in 3449ms (Views: 3416.3ms | ActiveRecord: 1.9ms | Allocations: 1269728)


Started GET "/users/new" for ::1 at 2019-10-24 19:16:21 -0700
Processing by UsersController#new as HTML
  Rendering users/new.html.erb within layouts/application
  Rendered users/_form.html.erb (Duration: 69.4ms | Allocations: 2843)
  Rendered users/new.html.erb within layouts/application (Duration: 71.1ms | Allocations: 3201)
Completed 200 OK in 85ms (Views: 83.5ms | ActiveRecord: 0.0ms | Allocations: 8712)


Started POST "/users" for ::1 at 2019-10-24 19:16:30 -0700
Processing by UsersController#create as HTML
  Parameters: {"authenticity_token"=>"kE3QAppI4RFJWQPg33EKDjP2pIwxPZGhoKyLflZICu05XDpaj70LsX10uiODtB4z3OVDEylNdZ9PgVMYMFReDw==", "user"=>{"email"=>"nikita1923666@gmail.com", "firstname"=>"Nikita", "lastname"=>""}, "commit"=>"Create User"}
  [1m[35m (0.1ms)[0m  [1m[36mbegin transaction[0m
  ↳ app/controllers/users_controller.rb:30:in `block in create'
  [1m[36mUser Exists? (0.4ms)[0m  [1m[34mSELECT 1 AS one FROM "users" WHERE "users"."email" = ? LIMIT ?[0m  [["email", "nikita1923666@gmail.com"], ["LIMIT", 1]]
  ↳ app/controllers/users_controller.rb:30:in `block in create'
  [1m[35m (0.1ms)[0m  [1m[31mrollback transaction[0m
  ↳ app/controllers/users_controller.rb:30:in `block in create'
  Rendering users/new.html.erb within layouts/application
  Rendered users/_form.html.erb (Duration: 2.2ms | Allocations: 1060)
  Rendered users/new.html.erb within layouts/application (Duration: 2.7ms | Allocations: 1146)
Completed 200 OK in 32ms (Views: 14.0ms | ActiveRecord: 0.5ms | Allocations: 10301)


Started POST "/users" for ::1 at 2019-10-24 19:16:32 -0700
Processing by UsersController#create as HTML
  Parameters: {"authenticity_token"=>"yUHvDwtiVmigZpdkEIG4lyMuBkE+1Q7N3LcFIxbkuqjQdMxnM2mZIcu9IeCFVAK2dBv00TvNithm22jjQ9ZUrQ==", "user"=>{"email"=>"nikita1923666@gmail.com", "firstname"=>"Nikita", "lastname"=>"Lukyanenko"}, "commit"=>"Create User"}
  [1m[35m (0.2ms)[0m  [1m[36mbegin transaction[0m
  ↳ app/controllers/users_controller.rb:30:in `block in create'
  [1m[36mUser Exists? (0.4ms)[0m  [1m[34mSELECT 1 AS one FROM "users" WHERE "users"."email" = ? LIMIT ?[0m  [["email", "nikita1923666@gmail.com"], ["LIMIT", 1]]
  ↳ app/controllers/users_controller.rb:30:in `block in create'
  [1m[36mUser Create (1.1ms)[0m  [1m[32mINSERT INTO "users" ("email", "firstname", "lastname", "created_at", "updated_at") VALUES (?, ?, ?, ?, ?)[0m  [["email", "nikita1923666@gmail.com"], ["firstname", "Nikita"], ["lastname", "Lukyanenko"], ["created_at", "2019-10-25 02:16:32.654902"], ["updated_at", "2019-10-25 02:16:32.654902"]]
  ↳ app/controllers/users_controller.rb:30:in `block in create'
  [1m[35m (3.0ms)[0m  [1m[36mcommit transaction[0m
  ↳ app/controllers/users_controller.rb:30:in `block in create'
Redirected to http://localhost:3000/users/2
Completed 302 Found in 20ms (ActiveRecord: 4.6ms | Allocations: 6430)


Started GET "/users/2" for ::1 at 2019-10-24 19:16:32 -0700
Processing by UsersController#show as HTML
  Parameters: {"id"=>"2"}
  [1m[36mUser Load (0.2ms)[0m  [1m[34mSELECT "users".* FROM "users" WHERE "users"."id" = ? LIMIT ?[0m  [["id", 2], ["LIMIT", 1]]
  ↳ app/controllers/users_controller.rb:67:in `set_user'
  Rendering users/show.html.erb within layouts/application
  Rendered users/show.html.erb within layouts/application (Duration: 1.0ms | Allocations: 301)
Completed 200 OK in 16ms (Views: 13.5ms | ActiveRecord: 0.2ms | Allocations: 6419)


Started GET "/users" for ::1 at 2019-10-24 19:22:16 -0700
  [1m[35m (0.1ms)[0m  [1m[34mSELECT sqlite_version(*)[0m
Processing by UsersController#index as HTML
  Rendering users/index.html.erb within layouts/application
  [1m[36mUser Load (0.4ms)[0m  [1m[34mSELECT "users".* FROM "users"[0m
  ↳ app/views/users/index.html.erb:16
  Rendered users/index.html.erb within layouts/application (Duration: 6.0ms | Allocations: 886)
Completed 200 OK in 23ms (Views: 21.6ms | ActiveRecord: 0.4ms | Allocations: 6232)


Started GET "/users" for ::1 at 2019-10-24 19:22:18 -0700
Processing by UsersController#index as HTML
  Rendering users/index.html.erb within layouts/application
  [1m[36mUser Load (0.4ms)[0m  [1m[34mSELECT "users".* FROM "users"[0m
  ↳ app/views/users/index.html.erb:16
  Rendered users/index.html.erb within layouts/application (Duration: 3.1ms | Allocations: 863)
Completed 200 OK in 23ms (Views: 22.1ms | ActiveRecord: 0.4ms | Allocations: 6190)


Started GET "/users" for ::1 at 2019-10-24 19:30:28 -0700
  [1m[35m (0.1ms)[0m  [1m[34mSELECT sqlite_version(*)[0m
Processing by UsersController#index as HTML
  Rendering users/index.html.erb within layouts/application
  [1m[36mUser Load (0.3ms)[0m  [1m[34mSELECT "users".* FROM "users"[0m
  ↳ app/views/users/index.html.erb:16
  Rendered users/index.html.erb within layouts/application (Duration: 2.5ms | Allocations: 883)
Completed 200 OK in 19ms (Views: 17.7ms | ActiveRecord: 0.3ms | Allocations: 6213)


Started GET "/" for ::1 at 2019-10-24 19:30:38 -0700
Processing by ApplicationController#index as HTML
  Rendering html template
  Rendered html template (Duration: 0.0ms | Allocations: 3)
Completed 200 OK in 2ms (Views: 1.0ms | ActiveRecord: 0.0ms | Allocations: 344)


