# stats: dump at 1575505825
stats: users 9 9
stats: {freemem,"tsung_controller@ip-172-31-22-225"} 1 3518.08984375 0 3518.08984375 3518.08984375 0 0
stats: {load,"tsung_controller@ip-172-31-22-225"} 1 0.0 0 0.0 0.0 0 0
stats: {cpu,"tsung_controller@ip-172-31-22-225"} 1 1.8357385398981325 0 1.8357385398981325 1.8357385398981325 0 0
stats: users_count 9 9
stats: finish_users_count 0 0
stats: request 35 49.638000000000005 84.15291158327713 329.548 7.248 0 0
stats: connect 9 2.351666666666667 2.408202603141558 8.775 1.141 0 0
stats: page 35 49.638000000000005 84.15291158327713 329.548 7.248 0 0
stats: 302 10 10
stats: 200 25 25
stats: size_rcv 65356 65356
stats: size_sent 21818 21818
stats: connected 9 9
# stats: dump at 1575505835
stats: users 27 27
stats: {freemem,"tsung_controller@ip-172-31-22-225"} 1 3520.50390625 0.0 3520.50390625 3518.08984375 3518.08984375 1
stats: {load,"tsung_controller@ip-172-31-22-225"} 1 0.0 0.0 0.0 0.0 0.0 1
stats: {recvpackets,"tsung_controller@ip-172-31-22-225"} 1 154 0 154 154 0 0
stats: {sentpackets,"tsung_controller@ip-172-31-22-225"} 1 169 0 169 169 0 0
stats: {cpu,"tsung_controller@ip-172-31-22-225"} 1 0.8008008008008007 0.0 1.8357385398981325 0.8008008008008007 1.8357385398981325 1
stats: users_count 18 27
stats: finish_users_count 0 0
stats: request 106 87.87672641509438 111.39657146510329 448.643 6.854 49.638000000000005 35
stats: connect 18 1.2298333333333331 0.1280339581690906 8.775 1.059 2.351666666666667 9
stats: page 104 89.56798076923079 117.96372309910993 567.987 6.854 49.638000000000005 35
stats: 302 48 58
stats: 200 58 83
stats: size_rcv 286310 351666
stats: size_sent 78639 100457
stats: connected 18 27
# stats: dump at 1575505845
stats: users 30 30
stats: {freemem,"tsung_controller@ip-172-31-22-225"} 1 3514.171875 0.0 3520.50390625 3514.171875 3519.296875 2
stats: {load,"tsung_controller@ip-172-31-22-225"} 1 0.0 0.0 0.0 0.0 0.0 2
stats: {recvpackets,"tsung_controller@ip-172-31-22-225"} 1 583.0 0.0 583 154 154.0 1
stats: {sentpackets,"tsung_controller@ip-172-31-22-225"} 1 496.0 0.0 496 169 169.0 1
stats: {cpu,"tsung_controller@ip-172-31-22-225"} 1 3.106212424849699 0.0 3.106212424849699 0.8008008008008007 1.3182696703494665 2
stats: users_count 3 30
stats: finish_users_count 0 0
stats: request 155 92.89756129032256 109.66321625107534 457.541 6.854 78.38484397163124 141
stats: connect 3 1.1956666666666667 0.027194770739161538 8.775 1.059 1.6037777777777777 27
stats: page 145 98.54906896551725 112.77761970237344 567.987 6.854 79.51366906474821 139
stats: 302 125 183
stats: 200 30 113
stats: size_rcv 751559 1103225
stats: size_sent 149366 249823
stats: connected 3 30
# stats: dump at 1575505855
stats: users 37 37
stats: {freemem,"tsung_controller@ip-172-31-22-225"} 1 3510.57421875 0.0 3520.50390625 3510.57421875 3517.5885416666665 3
stats: {load,"tsung_controller@ip-172-31-22-225"} 1 0.0 0.0 0.0 0.0 0.0 3
stats: {recvpackets,"tsung_controller@ip-172-31-22-225"} 1 818.0 0.0 818 154 368.5 2
stats: {sentpackets,"tsung_controller@ip-172-31-22-225"} 1 564.0 0.0 564 169 332.5 2
stats: {cpu,"tsung_controller@ip-172-31-22-225"} 1 0.7021063189568706 0.0 3.106212424849699 0.7021063189568706 1.9142505885162109 3
stats: users_count 7 37
stats: finish_users_count 0 0
stats: request 204 85.56595098039213 101.39995417597464 513.462 6.854 85.98440878378379 296
stats: connect 7 1.3024285714285715 0.09901350144999292 8.775 1.059 1.5629666666666666 30
stats: page 184 95.47184239130438 112.10492722397902 576.409 6.854 89.2324471830986 284
stats: 302 143 326
stats: 200 61 174
stats: size_rcv 1470515 2573740
stats: newphase 1 1
stats: size_sent 175421 425244
stats: connected 7 37
# stats: dump at 1575505865
stats: users 59 59
stats: {freemem,"tsung_controller@ip-172-31-22-225"} 1 3508.25390625 0.0 3520.50390625 3508.25390625 3515.8349609375 4
stats: {load,"tsung_controller@ip-172-31-22-225"} 1 0.0 0.0 0.0 0.0 0.0 4
stats: {recvpackets,"tsung_controller@ip-172-31-22-225"} 1 1388.0 0.0 1388 154 518.3333333333334 3
stats: {sentpackets,"tsung_controller@ip-172-31-22-225"} 1 875.0 0.0 875 169 409.6666666666667 3
stats: {cpu,"tsung_controller@ip-172-31-22-225"} 1 0.8040201005025126 0.0 3.106212424849699 0.7021063189568706 1.6112145211263758 4
stats: users_count 22 59
stats: finish_users_count 0 0
stats: request 263 170.4076577946767 170.88915909301525 769.409 6.854 85.81367799999998 500
stats: connect 21 1.2989523809523806 0.14769707615201752 8.775 1.059 1.5136756756756757 37
stats: page 249 179.9919919678715 189.1958022659598 978.076 6.854 91.68554273504276 468
stats: 302 175 501
stats: 200 88 262
stats: size_rcv 1159918 3733658
stats: newphase 0 1
stats: size_sent 219905 645149
stats: connected 21 58
# stats: dump at 1575505875
stats: users 79 79
stats: {freemem,"tsung_controller@ip-172-31-22-225"} 1 3500.8515625 0.0 3520.50390625 3500.8515625 3514.31875 5
stats: {load,"tsung_controller@ip-172-31-22-225"} 1 0.0 0.0 0.0 0.0 0.0 5
stats: {recvpackets,"tsung_controller@ip-172-31-22-225"} 1 1615.0 0.0 1615 154 735.75 4
stats: {sentpackets,"tsung_controller@ip-172-31-22-225"} 1 1052.0 0.0 1052 169 526.0 4
stats: {cpu,"tsung_controller@ip-172-31-22-225"} 1 1.6016016016016015 0.0 3.106212424849699 0.7021063189568706 1.449775637001603 5
stats: session 1 53690.314 0 53690.314 53690.314 0 0
stats: users_count 21 80
stats: finish_users_count 1 1
stats: request 321 223.37350155763266 180.46329425199235 769.409 6.854 114.97254652686757 763
stats: connect 22 1.257545454545454 0.17149230761246384 8.775 0.968 1.4359310344827585 58
stats: page 299 239.8132441471575 214.39723427237283 978.076 6.854 122.35263598326364 717
stats: 302 218 719
stats: 200 103 365
stats: size_rcv 1733861 5467519
stats: newphase 0 1
stats: size_sent 280452 925601
stats: connected 21 79
# stats: dump at 1575505885
stats: users 105 105
stats: {freemem,"tsung_controller@ip-172-31-22-225"} 1 3491.0859375 0.0 3520.50390625 3491.0859375 3512.07421875 6
stats: {load,"tsung_controller@ip-172-31-22-225"} 1 0.0 0.0 0.0 0.0 0.0 6
stats: {recvpackets,"tsung_controller@ip-172-31-22-225"} 1 2096.0 0.0 2096 154 911.6 5
stats: {sentpackets,"tsung_controller@ip-172-31-22-225"} 1 1402.0 0.0 1402 169 631.2 5
stats: {cpu,"tsung_controller@ip-172-31-22-225"} 1 2.2977022977022976 0.0 3.106212424849699 0.7021063189568706 1.4750799644349362 6
stats: session 0 0 0 53690.314 53690.314 53690.314 1
stats: users_count 26 106
stats: finish_users_count 0 1
stats: request 351 664.1803247863251 375.9314493020488 1462.522 6.854 147.0728293357934 1084
stats: connect 24 1.5538750000000006 1.4615097021145638 8.775 0.968 1.3868749999999999 80
stats: page 324 706.3206666666669 454.870518758408 2205.938 6.854 156.92027559055128 1016
stats: 302 231 950
stats: 200 120 485
stats: size_rcv 2133129 7600648
stats: newphase 1 2
stats: size_sent 341942 1267543
stats: connected 24 103
# stats: dump at 1575505895
stats: users 140 140
stats: {freemem,"tsung_controller@ip-172-31-22-225"} 1 3472.37109375 0.0 3520.50390625 3472.37109375 3509.0758928571427 7
stats: {load,"tsung_controller@ip-172-31-22-225"} 1 0.0 0.0 0.0 0.0 0.0 7
stats: {recvpackets,"tsung_controller@ip-172-31-22-225"} 1 2495.0 0.0 2495 154 1109.0 6
stats: {sentpackets,"tsung_controller@ip-172-31-22-225"} 1 1604.0 0.0 1604 169 759.6666666666666 6
stats: {cpu,"tsung_controller@ip-172-31-22-225"} 1 4.083665338645418 0.0 4.083665338645418 0.7021063189568706 1.5925974406159877 7
stats: session 1 71010.095 0.0 71010.095 53690.314 53690.314 1
stats: users_count 36 142
stats: finish_users_count 1 2
stats: request 366 1719.1165874316946 731.9402500666087 3213.805 6.854 273.55696236933807 1435
stats: connect 37 1.2094594594594603 0.43461953505147055 8.775 0.912 1.4254134615384615 104
stats: page 340 1812.8557764705884 889.6157975145178 4997.944 6.854 289.76037014925384 1340
stats: 302 226 1176
stats: 200 140 625
stats: size_rcv 2133414 9734062
stats: newphase 0 2
stats: size_sent 316725 1584268
stats: connected 36 139
# stats: dump at 1575505905
stats: users 191 191
stats: {freemem,"tsung_controller@ip-172-31-22-225"} 1 3463.83203125 0.0 3520.50390625 3463.83203125 3504.48779296875 8
stats: {load,"tsung_controller@ip-172-31-22-225"} 1 0.0 0.0 0.0 0.0 0.0 8
stats: {recvpackets,"tsung_controller@ip-172-31-22-225"} 1 2325.0 0.0 2495 154 1307.0 7
stats: {sentpackets,"tsung_controller@ip-172-31-22-225"} 1 1609.0 0.0 1609 169 880.2857142857143 7
stats: {cpu,"tsung_controller@ip-172-31-22-225"} 1 2.106318956870612 0.0 4.083665338645418 0.7021063189568706 1.9039809278696667 8
stats: session 1 75628.99 0.0 75628.99 53690.314 62350.2045 2
stats: users_count 52 194
stats: finish_users_count 1 3
stats: request 374 2218.8979385026723 602.7145565648067 3213.805 6.854 567.3242154358691 1801
stats: connect 53 1.1379433962264147 0.10050765766270256 8.775 0.86 1.368744680851064 141
stats: page 358 2332.1863910614534 866.7515190139706 5642.845 6.854 598.0058690476191 1680
stats: 302 230 1406
stats: 200 144 769
stats: size_rcv 1553925 11287987
stats: newphase 0 2
stats: size_sent 337983 1922251
stats: connected 52 191
# stats: dump at 1575505915
stats: users 268 268
stats: {freemem,"tsung_controller@ip-172-31-22-225"} 1 3448.86328125 0.0 3520.50390625 3448.86328125 3499.9704861111113 9
stats: {load,"tsung_controller@ip-172-31-22-225"} 1 0.0 0.0 0.0 0.0 0.0 9
stats: {recvpackets,"tsung_controller@ip-172-31-22-225"} 1 2238.0 0.0 2495 154 1434.25 8
stats: {sentpackets,"tsung_controller@ip-172-31-22-225"} 1 1664.0 0.0 1664 169 971.375 8
stats: {cpu,"tsung_controller@ip-172-31-22-225"} 1 2.6026026026026026 0.0 4.083665338645418 0.7021063189568706 1.926462931091994 9
stats: session 3 86722.02266666667 547.2281646755938 87495.678 53690.314 66776.46633333333 3
stats: users_count 80 274
stats: finish_users_count 3 6
stats: request 498 2795.6157951807186 1644.899243321793 4701.788 0.514 851.31896137931 2175
stats: connect 79 1.1218354430379742 0.16209502060771755 8.775 0.86 1.3056907216494846 194
stats: page 474 2888.0601497890266 1821.553688241335 8319.721 0.55 902.6362060843967 2038
stats: 302 215 1621
stats: 200 166 935
stats: size_rcv 1771100 13059087
stats: newphase 1 3
stats: 502 117 117
stats: size_sent 400992 2323243
stats: connected 76 267
# stats: dump at 1575505925
stats: users 335 335
stats: {freemem,"tsung_controller@ip-172-31-22-225"} 1 3434.16015625 0.0 3520.50390625 3434.16015625 3494.859765625 10
stats: {load,"tsung_controller@ip-172-31-22-225"} 1 0.0 0.0 0.0 0.0 0.0 10
stats: {recvpackets,"tsung_controller@ip-172-31-22-225"} 1 2495.0 0.0 2495 154 1523.5555555555557 9
stats: {sentpackets,"tsung_controller@ip-172-31-22-225"} 1 2019.0 0.0 2019 169 1048.3333333333333 9
stats: {cpu,"tsung_controller@ip-172-31-22-225"} 1 3.413654618473896 0.0 4.083665338645418 0.7021063189568706 1.9940768982430548 10
stats: session 4 94280.83725 5007.718153830412 101540.492 53690.314 76749.2445 6
stats: users_count 71 345
stats: finish_users_count 4 10
stats: request 834 1783.4000659472404 2145.757268922829 5715.176 0.514 1213.5560819304142 2673
stats: connect 72 1.2585138888888894 0.27614710215629806 8.775 0.86 1.2524871794871795 273
stats: page 797 1866.4980238393955 2286.9308605266556 9488.036 0.549 1277.2743228503182 2512
stats: 302 194 1815
stats: 200 142 1077
stats: size_rcv 1634167 14693254
stats: newphase 0 3
stats: 502 486 603
stats: size_sent 635748 2958991
stats: connected 68 335
stats: 500 13 13
# stats: dump at 1575505935
stats: users 420 420
stats: {freemem,"tsung_controller@ip-172-31-22-225"} 1 3409.71484375 0.0 3520.50390625 3409.71484375 3489.341619318182 11
stats: {load,"tsung_controller@ip-172-31-22-225"} 1 0.0 0.0 0.0 0.0 0.0 11
stats: {recvpackets,"tsung_controller@ip-172-31-22-225"} 1 2809.0 0.0 2809 154 1620.7 10
stats: {sentpackets,"tsung_controller@ip-172-31-22-225"} 1 2633.0 0.0 2633 169 1145.4 10
stats: {cpu,"tsung_controller@ip-172-31-22-225"} 1 5.628140703517588 0.0 5.628140703517588 0.7021063189568706 2.1231294182640403 11
stats: session 11 101980.18672727272 5174.928245444678 111909.134 53690.314 83761.8816 10
stats: users_count 96 441
stats: finish_users_count 11 21
stats: request 1350 1247.6066814814837 2214.588677910944 6781.164 0.514 1349.0707333903608 3507
stats: connect 93 1.2810107526881729 1.056593272726266 9.854 0.86 1.253744927536232 345
stats: page 1269 1332.9838802206486 2420.7611064285697 11445.148 0.534 1419.1937213659708 3309
stats: 302 187 2002
stats: 200 90 1167
stats: size_rcv 1978062 16671316
stats: newphase 0 3
stats: 502 1010 1613
stats: size_sent 968659 3927650
stats: connected 83 418
stats: 500 62 75
# stats: dump at 1575505945
stats: users 539 539
stats: {freemem,"tsung_controller@ip-172-31-22-225"} 1 3405.03515625 0.0 3520.50390625 3405.03515625 3482.7060546875 12
stats: {load,"tsung_controller@ip-172-31-22-225"} 1 0.0 0.0 0.0 0.0 0.0 12
stats: {recvpackets,"tsung_controller@ip-172-31-22-225"} 1 3316.0 0.0 3316 154 1728.7272727272727 11
stats: {sentpackets,"tsung_controller@ip-172-31-22-225"} 1 3518.0 0.0 3518 169 1280.6363636363637 11
stats: {cpu,"tsung_controller@ip-172-31-22-225"} 1 8.185404339250493 0.0 8.185404339250493 0.7021063189568706 2.4152136920351692 12
stats: session 4 106154.09275 5165.116577100091 111909.134 53690.314 93304.80333333333 21
stats: users_count 123 564
stats: finish_users_count 4 25
stats: request 1885 906.8821485411127 1724.0355394360986 6781.164 0.514 1320.8688659666457 4857
stats: connect 122 1.273614754098361 0.8677734032882362 9.854 0.853 1.2595342465753427 438
stats: page 1753 969.8664917284646 1913.3525482150997 11445.148 0.515 1395.2967601572739 4578
stats: 302 187 2189
stats: 200 122 1289
stats: size_rcv 2989404 19660720
stats: newphase 1 4
stats: 502 1464 3077
stats: size_sent 1320506 5248156
stats: connected 117 535
stats: 500 112 187
# stats: dump at 1575505955
stats: users 693 694
stats: {freemem,"tsung_controller@ip-172-31-22-225"} 1 3384.48828125 0.0 3520.50390625 3384.48828125 3476.7313701923076 13
stats: {load,"tsung_controller@ip-172-31-22-225"} 1 0.16015625 0.0 0.16015625 0.0 0.0 13
stats: {recvpackets,"tsung_controller@ip-172-31-22-225"} 1 5139.0 0.0 5139 154 1861.0 12
stats: {sentpackets,"tsung_controller@ip-172-31-22-225"} 1 5368.0 0.0 5368 169 1467.0833333333333 12
stats: {cpu,"tsung_controller@ip-172-31-22-225"} 1 10.56268509378085 0.0 10.56268509378085 0.7021063189568706 2.8590745110517326 13
stats: session 9 109974.03866666666 13982.456051437386 134096.271 53690.314 95360.68964 25
stats: users_count 163 727
stats: finish_users_count 9 34
stats: request 2726 587.1615392516509 1314.6965829608746 6781.164 0.509 1205.1220605161666 6742
stats: connect 161 1.4613726708074541 1.1356474270246788 9.854 0.853 1.2626017857142862 560
stats: page 2514 643.9073500397772 1446.0762309315326 11445.148 0.515 1277.4987407992414 6331
stats: 302 209 2398
stats: 200 123 1412
stats: size_rcv 3255921 22916641
stats: newphase 0 4
stats: 502 2263 5340
stats: size_sent 1843039 7091195
stats: connected 153 688
stats: 500 131 318
# stats: dump at 1575505965
stats: users 820 820
stats: {freemem,"tsung_controller@ip-172-31-22-225"} 1 3342.85546875 0.0 3520.50390625 3342.85546875 3470.142578125 14
stats: {load,"tsung_controller@ip-172-31-22-225"} 1 0.12890625 0.0 0.16015625 0.0 0.011439732142857142 14
stats: {recvpackets,"tsung_controller@ip-172-31-22-225"} 1 5873.0 0.0 5873 154 2113.153846153846 13
stats: {sentpackets,"tsung_controller@ip-172-31-22-225"} 1 6892.0 0.0 6892 169 1767.1538461538462 13
stats: {cpu,"tsung_controller@ip-172-31-22-225"} 1 12.376237623762377 0.0 12.376237623762377 0.7021063189568706 3.409332409818098 14
stats: session 8 109903.18987499998 11676.38799980327 134096.271 53690.314 99228.92908823528 34
stats: users_count 135 862
stats: finish_users_count 8 42
stats: request 3452 460.2753789107761 1120.133938569975 6781.164 0.489 1027.2006007604557 9468
stats: connect 138 1.4848405797101452 1.1042469809218527 9.854 0.853 1.3069875173370324 721
stats: page 3207 496.2812354225122 1210.4295196683458 11445.148 0.515 1097.4140877331822 8845
stats: 302 223 2621
stats: 200 113 1525
stats: size_rcv 3114446 26031087
stats: newphase 0 4
stats: 502 2943 8283
stats: size_sent 2289660 9380855
stats: connected 129 817
stats: 500 173 491
# stats: dump at 1575505975
stats: users 1114 1114
stats: {freemem,"tsung_controller@ip-172-31-22-225"} 1 3324.33984375 0.0 3520.50390625 3324.33984375 3461.656770833333 15
stats: {load,"tsung_controller@ip-172-31-22-225"} 1 0.19140625 0.0 0.19140625 0.0 0.019270833333333334 15
stats: {recvpackets,"tsung_controller@ip-172-31-22-225"} 1 6469.0 0.0 6469 154 2381.714285714286 14
stats: {sentpackets,"tsung_controller@ip-172-31-22-225"} 1 8173.0 0.0 8173 169 2133.214285714286 14
stats: {cpu,"tsung_controller@ip-172-31-22-225"} 1 14.047151277013754 0.0 14.047151277013754 0.7021063189568706 4.007126090747716 15
stats: session 15 100845.0622 15594.252084448344 134096.271 53690.314 101262.1216190476 42
stats: users_count 309 1171
stats: finish_users_count 15 57
stats: request 4954 339.7563350827625 886.4832817129887 6781.164 0.489 875.7280105263153 12920
stats: connect 817 1.393638922888619 1.2998098997069045 14.021 0.687 1.3355599534342264 859
stats: page 4546 371.0747551693791 971.7195407856593 11445.148 0.515 937.4544912047787 12052
stats: 302 234 2855
stats: 200 158 1683
stats: size_rcv 4527681 30558768
stats: newphase 1 5
stats: 502 4307 12590
stats: size_sent 3072293 12453148
stats: connected 34 851
stats: 500 254 745
# stats: dump at 1575505985
stats: users 1378 1378
stats: {freemem,"tsung_controller@ip-172-31-22-225"} 1 3287.91015625 0.0 3520.50390625 3287.91015625 3453.074462890625 16
stats: {load,"tsung_controller@ip-172-31-22-225"} 1 0.3203125 0.0 0.3203125 0.0 0.030029296875 16
stats: {recvpackets,"tsung_controller@ip-172-31-22-225"} 1 13166.0 0.0 13166 154 2654.2 15
stats: {sentpackets,"tsung_controller@ip-172-31-22-225"} 1 15214.0 0.0 15214 169 2535.866666666667 15
stats: {cpu,"tsung_controller@ip-172-31-22-225"} 1 22.50252270433905 0.0 22.50252270433905 0.7021063189568706 4.634627664889344 16
stats: session 30 98710.24716666664 16459.348251334555 134096.271 53690.314 101152.36914035087 57
stats: users_count 294 1465
stats: finish_users_count 30 87
stats: request 6420 248.55044579439263 905.8577901097564 6781.164 0.153 727.1768367461117 17874
stats: connect 2193 1.641863201094395 1.7710743521024266 16.074 0.663 1.3638717183770894 1676
stats: page 5968 265.5449519101881 964.7566677073872 11445.148 0.515 782.329640016869 16598
stats: 302 139 2994
stats: error_send_einval 1 1
stats: 200 131 1814
stats: size_rcv 3884960 34443728
stats: newphase 0 5
stats: 502 5966 18556
stats: size_sent 3733318 16186466
stats: connected -12 839
stats: 500 182 927
# stats: dump at 1575505995
stats: users 1473 1500
stats: {freemem,"tsung_controller@ip-172-31-22-225"} 1 3251.453125 0.0 3520.50390625 3251.453125 3443.3589154411766 17
stats: {load,"tsung_controller@ip-172-31-22-225"} 1 0.3515625 0.0 0.3515625 0.0 0.047104779411764705 17
stats: {recvpackets,"tsung_controller@ip-172-31-22-225"} 1 20005.0 0.0 20005 154 3311.1875 16
stats: {sentpackets,"tsung_controller@ip-172-31-22-225"} 1 22685.0 0.0 22685 169 3328.25 16
stats: {cpu,"tsung_controller@ip-172-31-22-225"} 1 31.809145129224653 0.0 31.809145129224653 0.7021063189568706 5.685680314268738 17
stats: session 62 97404.74354838714 18083.15819544553 134096.271 53690.314 100310.25811494251 87
stats: users_count 157 1622
stats: finish_users_count 62 149
stats: request 7575 211.3020763036302 727.5706136729012 6781.164 0.153 600.6936956450153 24294
stats: connect 3263 1.6277281642660149 1.6955289420905357 16.933 0.591 1.521440940811582 3869
stats: page 6911 231.259911879612 802.0474362574156 11445.148 0.515 645.6562810422756 22566
stats: 302 177 3171
stats: error_send_einval 0 1
stats: 200 144 1958
stats: size_rcv 4892836 39336564
stats: newphase 0 5
stats: 502 6966 25522
stats: size_sent 4392787 20579253
stats: connected 0 839
stats: error_connection_closed 1 1
stats: 500 285 1212
# stats: dump at 1575506005
stats: users 1382 1500
stats: {freemem,"tsung_controller@ip-172-31-22-225"} 1 3229.75 0.0 3520.50390625 3229.75 3432.6974826388887 18
stats: {load,"tsung_controller@ip-172-31-22-225"} 1 0.2890625 0.0 0.3515625 0.0 0.06401909722222222 18
stats: {recvpackets,"tsung_controller@ip-172-31-22-225"} 1 25636.0 0.0 25636 154 4293.176470588235 17
stats: {sentpackets,"tsung_controller@ip-172-31-22-225"} 1 28306.0 0.0 28306 169 4466.882352941177 17
stats: {cpu,"tsung_controller@ip-172-31-22-225"} 1 35.509396636993074 0.0 35.509396636993074 0.7021063189568706 7.136983915099622 18
stats: session 91 90850.94370329671 16435.853519410502 140413.606 53690.314 99101.25205369129 149
stats: users_count 0 1622
stats: finish_users_count 91 240
stats: request 7583 238.33976579190275 707.2597045086835 6781.164 0.153 508.1385004236091 31869
stats: connect 3033 1.5577451368282198 1.566440869515671 16.933 0.577 1.570068984856985 7132
stats: page 6788 268.4536985857405 795.2551455316172 11445.148 0.515 548.4994025511412 29477
stats: 302 273 3444
stats: error_send_einval 0 1
stats: 200 139 2097
stats: size_rcv 7249421 46585985
stats: newphase 0 5
stats: 502 6693 32215
stats: size_sent 4545350 25124603
stats: connected -2 837
stats: error_connection_closed 2 3
stats: 500 478 1690
# stats: dump at 1575506015
stats: users 1244 1500
stats: {freemem,"tsung_controller@ip-172-31-22-225"} 1 3222.17578125 0.0 3520.50390625 3222.17578125 3422.0160361842104 19
stats: {load,"tsung_controller@ip-172-31-22-225"} 1 0.328125 0.0 0.3515625 0.0 0.07586348684210527 19
stats: {recvpackets,"tsung_controller@ip-172-31-22-225"} 1 26421.0 0.0 26421 154 5478.888888888889 18
stats: {sentpackets,"tsung_controller@ip-172-31-22-225"} 1 27612.0 0.0 28306 169 5791.277777777777 18
stats: {cpu,"tsung_controller@ip-172-31-22-225"} 1 29.858299595141702 0.0 35.509396636993074 0.7021063189568706 8.630268795199276 19
stats: session 138 88151.87921739127 18889.171549540144 140413.606 42802.423 95973.01013750001 240
stats: users_count 0 1622
stats: finish_users_count 138 378
stats: request 6716 232.71378126861157 537.5012575141889 6781.164 0.153 456.2809569603569 39452
stats: connect 2341 3.3829085860743278 6.697084785156916 55.162 0.577 1.5663918347270054 10165
stats: page 5979 261.37220588727297 596.8379087476145 11445.148 0.515 496.08108630911335 36265
stats: 302 332 3776
stats: error_send_einval 1 2
stats: 200 154 2251
stats: size_rcv 7283644 53869629
stats: newphase 0 5
stats: 502 5643 37858
stats: size_sent 4205852 29330455
stats: connected 5 842
stats: error_connection_closed 2 5
stats: 500 583 2273
# stats: dump at 1575506025
stats: users 1094 1500
stats: {freemem,"tsung_controller@ip-172-31-22-225"} 1 3214.19140625 0.0 3520.50390625 3214.19140625 3412.0240234375 20
stats: {load,"tsung_controller@ip-172-31-22-225"} 1 0.51171875 0.0 0.51171875 0.0 0.0884765625 20
stats: {recvpackets,"tsung_controller@ip-172-31-22-225"} 1 23924.0 0.0 26421 154 6581.105263157895 19
stats: {sentpackets,"tsung_controller@ip-172-31-22-225"} 1 24532.0 0.0 28306 169 6939.736842105263 19
stats: {cpu,"tsung_controller@ip-172-31-22-225"} 1 32.15725806451613 0.0 35.509396636993074 0.7021063189568706 9.691670335196397 20
stats: session 150 82941.77072666671 14365.994388899542 140413.606 42802.423 93117.67662698413 378
stats: users_count 0 1622
stats: finish_users_count 150 528
stats: request 5897 274.0213576394765 537.427222920279 6781.164 0.153 423.75892542453636 46168
stats: connect 1706 1.4477549824150053 1.2327803461833358 55.162 0.577 1.9064258755797225 12506
stats: page 5248 306.1025358231699 611.0184511454554 11445.148 0.515 462.86159014297886 42244
stats: 302 371 4147
stats: error_send_einval 0 2
stats: 200 179 2430
stats: size_rcv 6842255 60711884
stats: newphase 0 5
stats: 502 4653 42511
stats: size_sent 3923131 33253586
stats: connected 14 856
stats: error_connection_closed 2 7
stats: 500 693 2966
# stats: dump at 1575506035
stats: users 927 1500
stats: {freemem,"tsung_controller@ip-172-31-22-225"} 1 3208.9375 0.0 3520.50390625 3208.9375 3402.6034226190477 21
stats: {load,"tsung_controller@ip-172-31-22-225"} 1 0.578125 0.0 0.578125 0.0 0.10863095238095238 21
stats: {recvpackets,"tsung_controller@ip-172-31-22-225"} 1 18475.0 0.0 26421 154 7448.25 20
stats: {sentpackets,"tsung_controller@ip-172-31-22-225"} 1 1.89e4 0.0 28306 169 7819.35 20
stats: {cpu,"tsung_controller@ip-172-31-22-225"} 1 23.53525322740814 0.0 35.509396636993074 0.7021063189568706 10.761460227068765 21
stats: session 167 82620.06602395215 16604.93253990248 140413.606 42802.423 90226.79426893941 528
stats: users_count 0 1622
stats: finish_users_count 167 695
stats: request 5032 319.84747158187633 518.8100618355052 6781.164 0.153 406.79930884471304 52065
stats: connect 878 1.3544783599088832 1.1801366581849075 55.162 0.577 1.8513672952434568 14212
stats: page 4480 360.9657178571422 599.8512299120712 11445.148 0.515 445.5392723406046 47492
stats: 302 413 4560
stats: error_send_einval 0 2
stats: 200 174 2604
stats: size_rcv 6011016 66722900
stats: newphase 0 5
stats: 502 3610 46121
stats: size_sent 3528891 36782477
stats: connected -18 838
stats: error_connection_closed 0 7
stats: 500 835 3801
# stats: dump at 1575506045
stats: users 742 1500
stats: {freemem,"tsung_controller@ip-172-31-22-225"} 1 3205.640625 0.0 3520.50390625 3205.640625 3393.8004261363635 22
stats: {load,"tsung_controller@ip-172-31-22-225"} 1 0.48828125 0.0 0.578125 0.0 0.1299715909090909 22
stats: {recvpackets,"tsung_controller@ip-172-31-22-225"} 1 13583.0 0.0 26421 154 7973.333333333333 21
stats: {sentpackets,"tsung_controller@ip-172-31-22-225"} 1 14146.0 0.0 28306 169 8347.0 21
stats: {cpu,"tsung_controller@ip-172-31-22-225"} 1 20.44790652385589 0.0 35.509396636993074 0.7021063189568706 11.342087181629646 22
stats: session 185 78249.11490270268 12191.619981624002 140413.606 42802.423 88398.99050359715 695
stats: users_count 0 1622
stats: finish_users_count 185 880
stats: request 4191 386.3298678119777 574.2710801728542 6781.164 0.153 399.1361803947666 57097
stats: connect 131 1.3526870229007641 0.7406933319323182 55.162 0.577 1.8224561961563956 15090
stats: page 3716 436.16896286329336 664.6596993981656 11445.148 0.515 438.24900981297606 51972
stats: 302 378 4938
stats: error_send_einval 0 2
stats: 200 176 2780
stats: size_rcv 6074036 72796936
stats: newphase 0 5
stats: 502 2817 48938
stats: size_sent 3079599 39862076
stats: connected -90 748
stats: error_connection_closed 0 7
stats: 500 820 4621
# stats: dump at 1575506055
stats: users 527 1500
stats: {freemem,"tsung_controller@ip-172-31-22-225"} 1 3203.08984375 0.0 3520.50390625 3203.08984375 3385.6195652173915 23
stats: {load,"tsung_controller@ip-172-31-22-225"} 1 0.41015625 0.0 0.578125 0.0 0.14555027173913043 23
stats: {recvpackets,"tsung_controller@ip-172-31-22-225"} 1 9899.0 0.0 26421 154 8228.318181818182 22
stats: {sentpackets,"tsung_controller@ip-172-31-22-225"} 1 9967.0 0.0 28306 169 8610.59090909091 22
stats: {cpu,"tsung_controller@ip-172-31-22-225"} 1 16.200578592092572 0.0 35.509396636993074 0.7021063189568706 11.737992370422091 23
stats: session 215 81151.67607906976 11346.213150256996 140413.606 42802.423 86265.2098375 880
stats: users_count 0 1622
stats: finish_users_count 215 1095
stats: request 2926 556.5672703349268 564.5975152941375 6781.164 0.153 398.2604582952615 61288
stats: connect 0 0 0 55.162 0.577 1.8184131134616655 15221
stats: page 2579 629.8006808840659 673.8024094528959 11445.148 0.515 438.110210530096 55688
stats: 302 447 5385
stats: error_send_einval 0 2
stats: 200 190 2970
stats: size_rcv 5870985 78667921
stats: newphase 0 5
stats: 502 1428 50366
stats: size_sent 2285633 42147709
stats: connected -212 536
stats: error_connection_closed 0 7
stats: 500 861 5482
# stats: dump at 1575506065
stats: users 339 1500
stats: {freemem,"tsung_controller@ip-172-31-22-225"} 1 3201.51171875 0.0 3520.50390625 3201.51171875 3378.01416015625 24
stats: {load,"tsung_controller@ip-172-31-22-225"} 1 0.3515625 0.0 0.578125 0.0 0.15657552083333334 24
stats: {recvpackets,"tsung_controller@ip-172-31-22-225"} 1 8692.0 0.0 26421 154 8300.95652173913 23
stats: {sentpackets,"tsung_controller@ip-172-31-22-225"} 1 7498.0 0.0 28306 169 8669.565217391306 23
stats: {cpu,"tsung_controller@ip-172-31-22-225"} 1 13.228035538005923 0.0 35.509396636993074 0.7021063189568706 11.923933462991696 24
stats: session 188 85528.53432446806 9538.318311023744 140413.606 42802.423 85261.18266118721 1095
stats: users_count 0 1622
stats: finish_users_count 188 1283
stats: request 1845 855.763376693768 450.6838414304497 6781.164 0.153 405.4739278194784 64214
stats: connect 0 0 0 55.162 0.577 1.8184131134616655 15221
stats: page 1609 979.768136109385 599.8261752263785 11445.148 0.515 446.59476822214964 58267
stats: 302 485 5870
stats: error_send_einval 0 2
stats: 200 206 3176
stats: size_rcv 5819027 84486948
stats: newphase 0 5
stats: 502 345 50711
stats: size_sent 1440619 43588328
stats: connected -191 345
stats: error_connection_closed 0 7
stats: 500 809 6291
# stats: dump at 1575506075
stats: users 143 1500
stats: {freemem,"tsung_controller@ip-172-31-22-225"} 1 3198.609375 0.0 3520.50390625 3198.609375 3370.9540625 25
stats: {load,"tsung_controller@ip-172-31-22-225"} 1 0.2890625 0.0 0.578125 0.0 0.164375 25
stats: {recvpackets,"tsung_controller@ip-172-31-22-225"} 1 7432.0 0.0 26421 154 8317.25 24
stats: {sentpackets,"tsung_controller@ip-172-31-22-225"} 1 5295.0 0.0 28306 169 8620.750000000002 24
stats: {cpu,"tsung_controller@ip-172-31-22-225"} 1 11.04594330400782 0.0 35.509396636993074 0.7021063189568706 11.976097545992266 25
stats: session 196 91797.42214795924 8533.427573628212 140413.606 42802.423 85300.35811925174 1283
stats: users_count 0 1622
stats: finish_users_count 196 1479
stats: request 1338 407.36510911808676 297.2465961575124 6781.164 0.153 418.0503221514099 66059
stats: connect 0 0 0 55.162 0.577 1.8184131134616655 15221
stats: page 1149 490.7538677110525 405.70640712320494 11445.148 0.515 460.92231095931584 59876
stats: 302 490 6360
stats: error_send_einval 0 2
stats: 200 231 3407
stats: size_rcv 6135946 90622894
stats: newphase 0 5
stats: 502 0 50711
stats: size_sent 1033951 44622279
stats: connected -195 150
stats: error_connection_closed 0 7
stats: 500 617 6908
# stats: dump at 1575506085
stats: users 42 1500
stats: {freemem,"tsung_controller@ip-172-31-22-225"} 1 3202.1171875 0.0 3520.50390625 3198.609375 3364.325420673077 26
stats: {load,"tsung_controller@ip-172-31-22-225"} 1 0.25 0.0 0.578125 0.0 0.16917067307692307 26
stats: {recvpackets,"tsung_controller@ip-172-31-22-225"} 1 6412.0 0.0 26421 154 8281.84 25
stats: {sentpackets,"tsung_controller@ip-172-31-22-225"} 1 4175.0 0.0 28306 169 8487.720000000003 25
stats: {cpu,"tsung_controller@ip-172-31-22-225"} 1 8.687068114511352 0.0 35.509396636993074 0.7021063189568706 11.940322382839017 26
stats: session 101 97709.3158910891 7188.579404857504 140413.606 42802.423 86161.36187153483 1479
stats: users_count 0 1622
stats: finish_users_count 101 1580
stats: request 581 30.125791738382105 42.71827047737268 6781.164 0.153 417.8381937920083 67397
stats: connect 0 0 0 55.162 0.577 1.8184131134616655 15221
stats: page 493 35.53575659229216 53.12119255242934 11445.148 0.515 461.4839899221629 61025
stats: 302 256 6616
stats: error_send_einval 0 2
stats: 200 105 3512
stats: size_rcv 2958770 93581664
stats: newphase 0 5
stats: 502 0 50711
stats: size_sent 499353 45121632
stats: connected -108 42
stats: error_connection_closed 0 7
stats: 500 220 7128
# stats: dump at 1575506095
stats: users 9 1500
stats: {freemem,"tsung_controller@ip-172-31-22-225"} 1 3233.92578125 0.0 3520.50390625 3198.609375 3358.3177083333335 27
stats: {load,"tsung_controller@ip-172-31-22-225"} 1 0.2109375 0.0 0.578125 0.0 0.17216435185185186 27
stats: {recvpackets,"tsung_controller@ip-172-31-22-225"} 1 2448.0 0.0 26421 154 8209.923076923076 26
stats: {sentpackets,"tsung_controller@ip-172-31-22-225"} 1 1794.0 0.0 28306 169 8321.846153846158 26
stats: {cpu,"tsung_controller@ip-172-31-22-225"} 1 3.8038038038038042 0.0 35.509396636993074 0.7021063189568706 11.819831484012068 27
stats: session 33 103654.65109090903 4704.065390302923 140413.606 42802.423 86899.55386898735 1580
stats: users_count 0 1622
stats: finish_users_count 33 1613
stats: request 123 13.312691056910573 20.812079438512644 6781.164 0.153 414.5244613257228 67978
stats: connect 0 0 0 55.162 0.577 1.8184131134616655 15221
stats: page 100 16.39017 29.002086965615074 11445.148 0.515 458.0704771449005 61518
stats: 302 63 6679
stats: error_send_einval 0 2
stats: 200 28 3540
stats: size_rcv 720414 94302078
stats: newphase 0 5
stats: 502 0 50711
stats: size_sent 104996 45226628
stats: connected -33 9
stats: error_connection_closed 0 7
stats: 500 32 7160
# stats: dump at 1575506105
stats: users 0 1500
stats: {freemem,"tsung_controller@ip-172-31-22-225"} 1 3295.515625 0.0 3520.50390625 3198.609375 3353.8751395089284 28
stats: {load,"tsung_controller@ip-172-31-22-225"} 1 0.1796875 0.0 0.578125 0.0 0.17354910714285715 28
stats: {recvpackets,"tsung_controller@ip-172-31-22-225"} 1 607.0 0.0 26421 154 7996.518518518517 27
stats: {sentpackets,"tsung_controller@ip-172-31-22-225"} 1 419.0 0.0 28306 169 8080.074074074078 27
stats: {cpu,"tsung_controller@ip-172-31-22-225"} 1 1.3972055888223553 0.0 35.509396636993074 0.7021063189568706 11.533544781147487 28
stats: session 9 112073.70244444444 3904.682560292595 140413.606 42802.423 87242.34259082456 1613
stats: users_count 0 1622
stats: finish_users_count 9 1622
stats: request 23 18.746652173913045 26.421612769800365 6781.164 0.153 413.79981634630894 68101
stats: connect 0 0 0 55.162 0.577 1.8184131134616655 15221
stats: page 18 23.971333333333334 33.02454459606941 11445.148 0.515 457.35367311499874 61618
stats: 302 13 6692
stats: error_send_einval 0 2
stats: 200 7 3547
stats: size_rcv 205257 94507335
stats: newphase 0 5
stats: 502 0 50711
stats: size_sent 18376 45245004
stats: connected -9 0
stats: error_connection_closed 0 7
stats: 500 3 7163
# stats: dump at 1575506106
stats: users 0 1500
stats: {freemem,"tsung_controller@ip-172-31-22-225"} 0 0 0 3520.50390625 3198.609375 3351.8627424568967 29
stats: {load,"tsung_controller@ip-172-31-22-225"} 0 0 0 0.578125 0.0 0.17376077586206898 29
stats: {recvpackets,"tsung_controller@ip-172-31-22-225"} 0 0 0 26421 154 7732.607142857142 28
stats: {sentpackets,"tsung_controller@ip-172-31-22-225"} 0 0 0 28306 169 7806.46428571429 28
stats: {cpu,"tsung_controller@ip-172-31-22-225"} 0 0 0 35.509396636993074 0.7021063189568706 11.184015843481104 29
stats: session 0 0 0 140413.606 42802.423 87380.1244889026 1622
stats: users_count 0 1622
stats: finish_users_count 0 1622
stats: request 0 0 0 6781.164 0.153 413.66643864130094 68124
stats: connect 0 0 0 55.162 0.577 1.8184131134616655 15221
stats: page 0 0 0 11445.148 0.515 457.22710938412604 61636
stats: 302 0 6692
stats: error_send_einval 0 2
stats: 200 0 3547
stats: size_rcv 0 94507335
stats: newphase 0 5
stats: 502 0 50711
stats: size_sent 0 45245004
stats: connected 0 0
stats: error_connection_closed 0 7
stats: 500 0 7163
EndMonitor:{1575,506106,947775}
