# stats: dump at 1575518562
stats: users 14 14
stats: {freemem,"tsung_controller@ip-172-31-28-38"} 1 3513.85546875 0 3513.85546875 3513.85546875 0 0
stats: {cpu,"tsung_controller@ip-172-31-28-38"} 1 3.1804651310867382 0 3.1804651310867382 3.1804651310867382 0 0
stats: {load,"tsung_controller@ip-172-31-28-38"} 1 0.0 0 0.0 0.0 0 0
stats: users_count 14 14
stats: finish_users_count 0 0
stats: request 48 47.035875000000004 73.24111075915202 363.418 7.063 0 0
stats: connect 13 2.5830000000000006 4.5493848104821994 18.333 1.085 0 0
stats: page 48 47.035875000000004 73.24111075915202 363.418 7.063 0 0
stats: 302 14 14
stats: 200 34 34
stats: size_rcv 88349 88349
stats: size_sent 29474 29474
stats: connected 13 13
# stats: dump at 1575518572
stats: users 21 21
stats: {freemem,"tsung_controller@ip-172-31-28-38"} 1 3516.19921875 0.0 3516.19921875 3513.85546875 3513.85546875 1
stats: {recvpackets,"tsung_controller@ip-172-31-28-38"} 1 220 0 220 220 0 0
stats: {sentpackets,"tsung_controller@ip-172-31-28-38"} 1 241 0 241 241 0 0
stats: {cpu,"tsung_controller@ip-172-31-28-38"} 1 1.0999999999999999 0.0 3.1804651310867382 1.0999999999999999 3.1804651310867382 1
stats: {load,"tsung_controller@ip-172-31-28-38"} 1 0.0 0.0 0.0 0.0 0.0 1
stats: users_count 7 21
stats: finish_users_count 0 0
stats: request 103 55.85884466019419 61.544810888775125 363.418 7.063 47.035875000000004 48
stats: connect 8 1.2207500000000002 0.13256484262427964 18.333 1.041 2.5830000000000006 13
stats: page 100 57.53693999999999 62.78329425919286 363.418 7.063 47.035875000000004 48
stats: 302 76 90
stats: 200 27 61
stats: size_rcv 275624 363973
stats: size_sent 93498 122972
stats: connected 8 21
# stats: dump at 1575518582
stats: users 29 29
stats: {freemem,"tsung_controller@ip-172-31-28-38"} 1 3513.70703125 0.0 3516.19921875 3513.70703125 3515.02734375 2
stats: {recvpackets,"tsung_controller@ip-172-31-28-38"} 1 573.0 0.0 573 220 220.0 1
stats: {sentpackets,"tsung_controller@ip-172-31-28-38"} 1 472.0 0.0 472 241 241.0 1
stats: {cpu,"tsung_controller@ip-172-31-28-38"} 1 1.5 0.0 3.1804651310867382 1.0999999999999999 2.140232565543369 2
stats: {load,"tsung_controller@ip-172-31-28-38"} 1 0.0 0.0 0.0 0.0 0.0 2
stats: users_count 8 29
stats: finish_users_count 0 0
stats: request 159 98.01554716981127 128.267756696278 488.793 7.063 53.05419205298014 151
stats: connect 8 1.2492500000000002 0.19914677376246898 18.333 1.041 2.06404761904762 21
stats: page 147 106.02146938775506 137.10070400213752 516.707 7.063 54.131189189189186 148
stats: 302 107 197
stats: 200 52 113
stats: size_rcv 932889 1296862
stats: size_sent 135463 258435
stats: connected 8 29
# stats: dump at 1575518592
stats: users 48 48
stats: {freemem,"tsung_controller@ip-172-31-28-38"} 1 3508.3203125 0.0 3516.19921875 3508.3203125 3514.5872395833335 3
stats: {recvpackets,"tsung_controller@ip-172-31-28-38"} 1 1446.0 0.0 1446 220 396.5 2
stats: {sentpackets,"tsung_controller@ip-172-31-28-38"} 1 1059.0 0.0 1059 241 356.5 2
stats: {cpu,"tsung_controller@ip-172-31-28-38"} 1 4.195804195804196 0.0 4.195804195804196 1.0999999999999999 1.926821710362246 3
stats: {load,"tsung_controller@ip-172-31-28-38"} 1 0.0 0.0 0.0 0.0 0.0 3
stats: users_count 19 48
stats: finish_users_count 0 0
stats: request 229 212.73437554585166 236.24689619113795 933.763 7.063 76.11501612903224 310
stats: connect 19 1.087157894736842 0.09559633507503515 18.333 0.841 1.839275862068966 29
stats: page 212 229.79798584905666 264.8412084648951 1222.912 7.063 79.98837966101692 295
stats: 302 144 341
stats: 200 85 198
stats: size_rcv 1354506 2651368
stats: newphase 1 1
stats: size_sent 190524 448959
stats: connected 19 48
# stats: dump at 1575518602
stats: users 64 64
stats: {freemem,"tsung_controller@ip-172-31-28-38"} 1 3502.046875 0.0 3516.19921875 3502.046875 3513.0205078125 4
stats: {recvpackets,"tsung_controller@ip-172-31-28-38"} 1 1663.0 0.0 1663 220 746.3333333333334 3
stats: {sentpackets,"tsung_controller@ip-172-31-28-38"} 1 1202.0 0.0 1202 241 590.6666666666666 3
stats: {cpu,"tsung_controller@ip-172-31-28-38"} 1 1.4084507042253522 0.0 4.195804195804196 1.0999999999999999 2.4940673317227335 4
stats: {load,"tsung_controller@ip-172-31-28-38"} 1 0.0 0.0 0.0 0.0 0.0 4
stats: users_count 16 64
stats: finish_users_count 0 0
stats: request 290 160.45005862068956 145.23933990151426 933.763 7.063 134.1592337662338 539
stats: connect 16 1.0913125000000001 0.1034484888422735 18.333 0.841 1.5415625000000002 48
stats: page 272 168.19141176470583 160.9231155983562 1222.912 7.063 142.6306607495069 507
stats: 302 207 548
stats: 200 83 281
stats: size_rcv 1436564 4087932
stats: newphase 0 1
stats: size_sent 259357 708316
stats: connected 16 64
# stats: dump at 1575518612
stats: users 82 82
stats: {freemem,"tsung_controller@ip-172-31-28-38"} 1 3496.359375 0.0 3516.19921875 3496.359375 3510.82578125 5
stats: {recvpackets,"tsung_controller@ip-172-31-28-38"} 1 1669.0 0.0 1669 220 975.5 4
stats: {sentpackets,"tsung_controller@ip-172-31-28-38"} 1 1137.0 0.0 1202 241 743.5 4
stats: {cpu,"tsung_controller@ip-172-31-28-38"} 1 1.0070493454179255 0.0 4.195804195804196 1.0070493454179255 2.2769440062232573 5
stats: {load,"tsung_controller@ip-172-31-28-38"} 1 0.0 0.0 0.0 0.0 0.0 5
stats: users_count 18 82
stats: finish_users_count 0 0
stats: request 363 307.6923994490357 206.2000485863188 933.763 6.971 143.35626537997587 829
stats: connect 17 1.1447647058823531 0.13485047467113767 18.333 0.841 1.429 64
stats: page 335 334.19394029850724 242.28980049120523 1251.201 6.971 151.55559563543002 779
stats: 302 251 799
stats: 200 112 393
stats: size_rcv 2225218 6313150
stats: newphase 0 1
stats: size_sent 325345 1033661
stats: connected 17 81
# stats: dump at 1575518622
stats: users 110 110
stats: {freemem,"tsung_controller@ip-172-31-28-38"} 1 3487.65625 0.0 3516.19921875 3487.65625 3508.4147135416665 6
stats: {recvpackets,"tsung_controller@ip-172-31-28-38"} 1 2495.0 0.0 2495 220 1114.2 5
stats: {sentpackets,"tsung_controller@ip-172-31-28-38"} 1 1676.0 0.0 1676 241 822.2 5
stats: {cpu,"tsung_controller@ip-172-31-28-38"} 1 1.2108980827447022 0.0 4.195804195804196 1.0070493454179255 2.065294896089035 6
stats: {load,"tsung_controller@ip-172-31-28-38"} 1 0.0 0.0 0.0 0.0 0.0 6
stats: session 1 64584.762 0 64584.762 64584.762 0 0
stats: users_count 29 111
stats: finish_users_count 1 1
stats: request 381 858.8194383202103 448.5931072486011 1820.347 6.971 193.40158137583887 1192
stats: connect 30 1.440766666666667 2.2575060824330504 18.333 0.838 1.3693456790123457 81
stats: page 358 912.7135195530731 549.6693297690155 2591.182 6.971 206.47825763016152 1114
stats: 302 248 1047
stats: 200 133 526
stats: size_rcv 1954279 8267429
stats: newphase 1 2
stats: size_sent 333040 1366701
stats: connected 29 110
# stats: dump at 1575518632
stats: users 152 152
stats: {freemem,"tsung_controller@ip-172-31-28-38"} 1 3485.98828125 0.0 3516.19921875 3485.98828125 3505.44921875 7
stats: {recvpackets,"tsung_controller@ip-172-31-28-38"} 1 2337.0 0.0 2495 220 1344.3333333333333 6
stats: {sentpackets,"tsung_controller@ip-172-31-28-38"} 1 1616.0 0.0 1676 241 964.5 6
stats: {cpu,"tsung_controller@ip-172-31-28-38"} 1 1.513622603430878 0.0 4.195804195804196 1.0070493454179255 1.943238208468416 7
stats: {load,"tsung_controller@ip-172-31-28-38"} 1 0.0 0.0 0.0 0.0 0.0 7
stats: session 2 68727.15400000001 495.9529999999977 69223.107 64584.762 64584.762 1
stats: users_count 44 155
stats: finish_users_count 2 3
stats: request 370 1735.2311351351368 481.5380781694052 2460.082 6.971 354.573993006993 1573
stats: connect 44 1.0963863636363635 0.3396306962187746 18.333 0.836 1.3886486486486487 111
stats: page 347 1846.2732593659946 717.6361123663028 4291.972 6.971 378.23927921195656 1472
stats: 302 225 1272
stats: 200 145 671
stats: size_rcv 2009128 10276557
stats: newphase 0 2
stats: size_sent 334605 1701306
stats: connected 42 152
# stats: dump at 1575518642
stats: users 191 191
stats: {freemem,"tsung_controller@ip-172-31-28-38"} 1 3476.640625 0.0 3516.19921875 3476.640625 3503.0166015625 8
stats: {recvpackets,"tsung_controller@ip-172-31-28-38"} 1 2194.0 0.0 2495 220 1486.142857142857 7
stats: {sentpackets,"tsung_controller@ip-172-31-28-38"} 1 1644.0 0.0 1676 241 1057.5714285714287 7
stats: {cpu,"tsung_controller@ip-172-31-28-38"} 1 1.9153225806451613 0.0 4.195804195804196 1.0070493454179255 1.8895362578387238 8
stats: {load,"tsung_controller@ip-172-31-28-38"} 1 0.0 0.0 0.0 0.0 0.0 8
stats: session 1 79559.608 0.0 79559.608 64584.762 67346.35666666667 3
stats: users_count 40 195
stats: finish_users_count 1 4
stats: request 348 3033.991195402298 566.9158044122339 3979.994 6.971 617.4886314976844 1943
stats: connect 39 1.0791538461538461 0.18262874467794762 18.333 0.82 1.305683870967742 155
stats: page 328 3169.3903292682917 939.2674869431347 7078.067 6.971 658.2875426058274 1819
stats: 302 217 1489
stats: 200 131 802
stats: size_rcv 1755106 12031663
stats: newphase 0 2
stats: size_sent 322408 2023714
stats: connected 38 190
# stats: dump at 1575518652
stats: users 246 246
stats: {freemem,"tsung_controller@ip-172-31-28-38"} 1 3460.6015625 0.0 3516.19921875 3460.6015625 3500.0859375 9
stats: {recvpackets,"tsung_controller@ip-172-31-28-38"} 1 2452.0 0.0 2495 220 1574.625 8
stats: {sentpackets,"tsung_controller@ip-172-31-28-38"} 1 1718.0 0.0 1718 241 1130.875 8
stats: {cpu,"tsung_controller@ip-172-31-28-38"} 1 3.819095477386935 0.0 4.195804195804196 1.0070493454179255 1.8924014048172166 9
stats: {load,"tsung_controller@ip-172-31-28-38"} 1 0.0 0.0 0.0 0.0 0.0 9
stats: session 4 87494.073 4574.606046850212 94372.437 64584.762 70399.6695 4
stats: users_count 59 254
stats: finish_users_count 4 8
stats: request 409 3158.7594278728593 1781.6595549115639 5555.049 0.514 984.5523120907902 2291
stats: connect 60 1.1746499999999997 0.4715454670548748 18.333 0.82 1.2601443298969073 194
stats: page 388 3296.6012087628837 1986.639038699819 9410.055 0.543 1041.9120018630647 2147
stats: 302 206 1695
stats: 200 120 922
stats: size_rcv 1588500 13620163
stats: newphase 1 3
stats: 502 83 83
stats: size_sent 345144 2368858
stats: connected 56 246
# stats: dump at 1575518662
stats: users 331 331
stats: {freemem,"tsung_controller@ip-172-31-28-38"} 1 3447.1015625 0.0 3516.19921875 3447.1015625 3496.1375 10
stats: {recvpackets,"tsung_controller@ip-172-31-28-38"} 1 2113.0 0.0 2495 220 1672.111111111111 9
stats: {sentpackets,"tsung_controller@ip-172-31-28-38"} 1 1708.0 0.0 1718 241 1196.111111111111 9
stats: {cpu,"tsung_controller@ip-172-31-28-38"} 1 2.5176233635448138 0.0 4.195804195804196 1.0070493454179255 2.0850708120741883 10
stats: {load,"tsung_controller@ip-172-31-28-38"} 1 0.0 0.0 0.0 0.0 0.0 10
stats: session 4 98384.20725 2370.3515845157212 102418.421 64584.762 78946.87125 8
stats: users_count 89 343
stats: finish_users_count 4 12
stats: request 934 1754.5921295503256 2085.0397354137517 5555.049 0.51 1313.9044270370368 2700
stats: connect 86 1.022279069767441 0.11162547962477143 18.333 0.82 1.2399488188976378 254
stats: page 886 1859.9320665914238 2300.534476161561 9621.918 0.512 1387.0084169625243 2535
stats: 302 217 1912
stats: 200 164 1086
stats: size_rcv 2384376 16004539
stats: newphase 0 3
stats: 502 539 622
stats: size_sent 696334 3065192
stats: connected 82 328
stats: 500 14 14
# stats: dump at 1575518672
stats: users 405 408
stats: {freemem,"tsung_controller@ip-172-31-28-38"} 1 3439.390625 0.0 3516.19921875 3439.390625 3491.6796875 11
stats: {recvpackets,"tsung_controller@ip-172-31-28-38"} 1 3830.0 0.0 3830 220 1716.2 10
stats: {sentpackets,"tsung_controller@ip-172-31-28-38"} 1 3284.0 0.0 3284 241 1247.3 10
stats: {cpu,"tsung_controller@ip-172-31-28-38"} 1 7.852882703777336 0.0 7.852882703777336 1.0070493454179255 2.124393771298791 11
stats: {load,"tsung_controller@ip-172-31-28-38"} 1 0.1484375 0.0 0.1484375 0.0 0.0 11
stats: session 5 105941.38660000001 8236.138021819152 116986.151 64584.762 85425.98325 12
stats: users_count 79 422
stats: finish_users_count 5 17
stats: request 1294 1128.1977295208678 2094.488172490781 6732.403 0.5 1427.1686851953777 3634
stats: connect 82 1.2532804878048773 0.6537508154057358 18.333 0.82 1.184891176470588 340
stats: page 1215 1185.8443456790149 2237.0246669272215 10872.927 0.512 1509.4902508038585 3421
stats: 302 154 2066
stats: 200 100 1186
stats: size_rcv 1962710 17967249
stats: newphase 0 3
stats: 502 993 1615
stats: size_sent 964280 4029472
stats: connected 79 407
stats: 500 47 61
# stats: dump at 1575518682
stats: users 420 421
stats: {freemem,"tsung_controller@ip-172-31-28-38"} 1 3424.37890625 0.0 3516.19921875 3424.37890625 3487.322265625 12
stats: {recvpackets,"tsung_controller@ip-172-31-28-38"} 1 3317.0 0.0 3830 220 1908.3636363636363 11
stats: {sentpackets,"tsung_controller@ip-172-31-28-38"} 1 3578.0 0.0 3578 241 1432.4545454545455 11
stats: {cpu,"tsung_controller@ip-172-31-28-38"} 1 8.635917566241414 0.0 8.635917566241414 1.0070493454179255 2.6017678490053364 12
stats: {load,"tsung_controller@ip-172-31-28-38"} 1 0.12109375 0.0 0.1484375 0.0 0.012369791666666666 12
stats: session 1 104298.37 0.0 116986.151 64584.762 91459.92541176472 17
stats: users_count 16 438
stats: finish_users_count 1 18
stats: request 1459 1278.0594551062345 1874.8167770956147 6732.403 0.488 1348.6645422077934 4928
stats: connect 16 1.733875 2.2733560509464854 18.333 0.82 1.1981800947867296 422
stats: page 1342 1384.6277064083458 2116.2523758280668 11159.431 0.512 1424.6693330457297 4636
stats: 302 257 2323
stats: 200 117 1303
stats: size_rcv 2947970 20915219
stats: newphase 0 3
stats: 502 969 2584
stats: size_sent 1134441 5163913
stats: connected 13 420
stats: 500 116 177
# stats: dump at 1575518692
stats: users 413 421
stats: {freemem,"tsung_controller@ip-172-31-28-38"} 1 3407.1484375 0.0 3516.19921875 3407.1484375 3482.48046875 13
stats: {recvpackets,"tsung_controller@ip-172-31-28-38"} 1 4354.0 0.0 4354 220 2025.75 12
stats: {sentpackets,"tsung_controller@ip-172-31-28-38"} 1 3949.0 0.0 3949 241 1611.25 12
stats: {cpu,"tsung_controller@ip-172-31-28-38"} 1 7.941176470588235 0.0 8.635917566241414 1.0070493454179255 3.0659332118696505 13
stats: {load,"tsung_controller@ip-172-31-28-38"} 1 0.1015625 0.0 0.1484375 0.0 0.020733173076923076 13
stats: session 7 109936.37571428569 4309.16902283845 117940.108 64584.762 92173.17233333335 18
stats: users_count 0 438
stats: finish_users_count 7 25
stats: request 1540 1061.2573207792193 1432.3924624837764 6732.403 0.488 1332.5360277125412 6387
stats: connect 0 0 0 18.333 0.82 1.2177488584474885 438
stats: page 1378 1199.0449499274303 1695.377467155637 11159.431 0.507 1415.6803964536641 5978
stats: 302 301 2624
stats: 200 99 1402
stats: size_rcv 4499364 25414583
stats: newphase 0 3
stats: 502 976 3560
stats: size_sent 1254020 6417933
stats: connected -7 413
stats: 500 164 341
# stats: dump at 1575518702
stats: users 403 421
stats: {freemem,"tsung_controller@ip-172-31-28-38"} 1 3402.91015625 0.0 3516.19921875 3402.91015625 3477.099609375 14
stats: {recvpackets,"tsung_controller@ip-172-31-28-38"} 1 5516.0 0.0 5516 220 2204.846153846154 13
stats: {sentpackets,"tsung_controller@ip-172-31-28-38"} 1 4432.0 0.0 4432 241 1791.076923076923 13
stats: {cpu,"tsung_controller@ip-172-31-28-38"} 1 7.964601769911504 0.0 8.635917566241414 1.0070493454179255 3.414164873206692 14
stats: {load,"tsung_controller@ip-172-31-28-38"} 1 0.08984375 0.0 0.1484375 0.0 0.026506696428571428 14
stats: session 10 110644.55900000001 8249.453929467601 127419.632 64584.762 97146.86928000001 25
stats: users_count 0 438
stats: finish_users_count 10 35
stats: request 1515 1065.088913531353 1260.2533542294875 6732.403 0.488 1279.8339703544846 7927
stats: connect 0 0 0 18.333 0.82 1.2177488584474885 438
stats: page 1350 1189.5203229629656 1448.45793684124 11159.431 0.507 1375.0980629418166 7356
stats: 302 344 2968
stats: 200 96 1498
stats: size_rcv 4448152 29862735
stats: newphase 0 3
stats: 502 878 4438
stats: size_sent 1250322 7668255
stats: connected -10 403
stats: 500 197 538
# stats: dump at 1575518712
stats: users 392 421
stats: {freemem,"tsung_controller@ip-172-31-28-38"} 1 3401.1171875 0.0 3516.19921875 3401.1171875 3472.1536458333335 15
stats: {recvpackets,"tsung_controller@ip-172-31-28-38"} 1 5354.0 0.0 5516 220 2441.3571428571427 14
stats: {sentpackets,"tsung_controller@ip-172-31-28-38"} 1 4252.0 0.0 4432 241 1979.7142857142858 14
stats: {cpu,"tsung_controller@ip-172-31-28-38"} 1 6.132542037586548 0.0 8.635917566241414 1.0070493454179255 3.7175273329870127 15
stats: {load,"tsung_controller@ip-172-31-28-38"} 1 0.0703125 0.0 0.1484375 0.0 0.030729166666666665 15
stats: session 11 119603.12354545452 12509.725671620521 139826.451 64584.762 101003.35205714288 35
stats: users_count 0 438
stats: finish_users_count 11 46
stats: request 1380 1144.1156659420308 1257.1487171931344 6732.403 0.488 1245.3774186613005 9442
stats: connect 0 0 0 18.333 0.82 1.2177488584474885 438
stats: page 1230 1263.7957585365868 1458.5556992657098 11159.431 0.507 1346.3213630829323 8706
stats: 302 314 3282
stats: 200 109 1607
stats: size_rcv 4652090 34514825
stats: newphase 0 3
stats: 502 738 5176
stats: size_sent 1177090 8845345
stats: connected -11 392
stats: 500 219 757
# stats: dump at 1575518722
stats: users 376 421
stats: {freemem,"tsung_controller@ip-172-31-28-38"} 1 3399.5703125 0.0 3516.19921875 3399.5703125 3467.7138671875 16
stats: {recvpackets,"tsung_controller@ip-172-31-28-38"} 1 5395.0 0.0 5516 220 2635.5333333333333 15
stats: {sentpackets,"tsung_controller@ip-172-31-28-38"} 1 4160.0 0.0 4432 241 2131.2 15
stats: {cpu,"tsung_controller@ip-172-31-28-38"} 1 5.357142857142857 0.0 8.635917566241414 1.0070493454179255 3.8684657520244836 16
stats: {load,"tsung_controller@ip-172-31-28-38"} 1 0.05859375 0.0 0.1484375 0.0 0.033203125 16
stats: session 16 120849.92193750002 10917.679187907073 139826.451 64584.762 105451.1235 46
stats: users_count 0 438
stats: finish_users_count 16 62
stats: request 1357 1196.935263080325 1188.5430198763625 6732.403 0.488 1232.464720569211 10822
stats: connect 0 0 0 18.333 0.82 1.2177488584474885 438
stats: page 1211 1359.6973195706041 1469.3691071228707 11159.431 0.507 1336.1053311191636 9936
stats: 302 364 3646
stats: 200 121 1728
stats: size_rcv 4549113 39063938
stats: newphase 0 3
stats: 502 662 5838
stats: size_sent 1175895 10021240
stats: connected -15 377
stats: 500 210 967
# stats: dump at 1575518732
stats: users 360 421
stats: {freemem,"tsung_controller@ip-172-31-28-38"} 1 3397.765625 0.0 3516.19921875 3397.765625 3463.7054227941176 17
stats: {recvpackets,"tsung_controller@ip-172-31-28-38"} 1 5345.0 0.0 5516 220 2808.0 16
stats: {sentpackets,"tsung_controller@ip-172-31-28-38"} 1 3979.0 0.0 4432 241 2258.0 16
stats: {cpu,"tsung_controller@ip-172-31-28-38"} 1 6.021717670286279 0.0 8.635917566241414 1.0070493454179255 3.9560349935020347 17
stats: {load,"tsung_controller@ip-172-31-28-38"} 1 0.12890625 0.0 0.1484375 0.0 0.03469669117647059 17
stats: session 16 114622.051625 14489.964268967895 139826.451 64584.762 109425.00696774194 62
stats: users_count 0 438
stats: finish_users_count 16 78
stats: request 1303 1224.1831619339982 1164.3688337141375 6732.403 0.488 1228.505982264554 12179
stats: connect 0 0 0 18.333 0.82 1.2177488584474885 438
stats: page 1161 1385.007206718348 1369.5816375509407 11159.431 0.507 1338.6683434107842 11147
stats: 302 341 3987
stats: 200 108 1836
stats: size_rcv 4442865 43506803
stats: newphase 0 3
stats: 502 610 6448
stats: size_sent 1138721 11159961
stats: connected -16 361
stats: 500 244 1211
# stats: dump at 1575518742
stats: users 341 421
stats: {freemem,"tsung_controller@ip-172-31-28-38"} 1 3396.8125 0.0 3516.19921875 3396.8125 3460.0421006944443 18
stats: {recvpackets,"tsung_controller@ip-172-31-28-38"} 1 5141.0 0.0 5516 220 2957.235294117647 17
stats: {sentpackets,"tsung_controller@ip-172-31-28-38"} 1 3889.0 0.0 4432 241 2359.235294117647 17
stats: {cpu,"tsung_controller@ip-172-31-28-38"} 1 5.450941526263628 0.0 8.635917566241414 1.0070493454179255 4.070795142212271 18
stats: {load,"tsung_controller@ip-172-31-28-38"} 1 0.109375 0.0 0.1484375 0.0 0.03993055555555555 18
stats: session 19 111930.9167368421 19826.09004690997 141231.092 64584.762 110491.06741025641 78
stats: users_count 0 438
stats: finish_users_count 19 97
stats: request 1091 1474.6624848762574 884.2095762351953 6732.403 0.488 1228.0881929980717 13482
stats: connect 0 0 0 18.333 0.82 1.2177488584474885 438
stats: page 996 1616.7053945783111 1074.0557817577671 11159.431 0.507 1343.0394370328254 12308
stats: 302 405 4392
stats: 200 103 1939
stats: size_rcv 4008743 47515546
stats: newphase 0 3
stats: 502 273 6721
stats: size_sent 976182 12136143
stats: connected -20 341
stats: 500 310 1521
# stats: dump at 1575518752
stats: users 310 421
stats: {freemem,"tsung_controller@ip-172-31-28-38"} 1 3396.34765625 0.0 3516.19921875 3396.34765625 3456.714226973684 19
stats: {recvpackets,"tsung_controller@ip-172-31-28-38"} 1 4791.0 0.0 5516 220 3078.5555555555557 18
stats: {sentpackets,"tsung_controller@ip-172-31-28-38"} 1 3512.0 0.0 4432 241 2444.222222222222 18
stats: {cpu,"tsung_controller@ip-172-31-28-38"} 1 4.1206030150753765 0.0 8.635917566241414 1.0070493454179255 4.143434425583395 19
stats: {load,"tsung_controller@ip-172-31-28-38"} 1 0.08984375 0.0 0.1484375 0.0 0.04358552631578947 19
stats: session 31 115716.99729032259 17868.186973952026 163708.165 64584.762 110773.09975257731 97
stats: users_count 0 438
stats: finish_users_count 31 128
stats: request 1036 1492.7784671814672 1157.0307071470363 6732.403 0.488 1246.5478480065876 14573
stats: connect 0 0 0 18.333 0.82 1.2177488584474885 438
stats: page 917 1668.5918451472176 1390.0574936475327 11159.431 0.507 1363.5273574864711 13304
stats: 302 316 4708
stats: 200 112 2051
stats: size_rcv 4705233 52220779
stats: newphase 0 3
stats: 502 371 7092
stats: size_sent 912965 13049108
stats: connected -31 310
stats: 500 237 1758
# stats: dump at 1575518762
stats: users 257 421
stats: {freemem,"tsung_controller@ip-172-31-28-38"} 1 3395.171875 0.0 3516.19921875 3395.171875 3453.6958984375 20
stats: {recvpackets,"tsung_controller@ip-172-31-28-38"} 1 5433.0 0.0 5516 220 3168.684210526316 19
stats: {sentpackets,"tsung_controller@ip-172-31-28-38"} 1 3701.0 0.0 4432 241 2500.4210526315787 19
stats: {cpu,"tsung_controller@ip-172-31-28-38"} 1 6.679960119641076 0.0 8.635917566241414 1.0070493454179255 4.142292855057994 20
stats: {load,"tsung_controller@ip-172-31-28-38"} 1 0.078125 0.0 0.1484375 0.0 0.04589843749999999 20
stats: session 53 119525.04405660376 15953.516979447078 163708.165 64584.762 111970.4499375 128
stats: users_count 0 438
stats: finish_users_count 53 181
stats: request 840 1785.0684142857135 777.703436623567 6732.403 0.488 1262.8906580178102 15609
stats: connect 0 0 0 18.333 0.82 1.2177488584474885 438
stats: page 739 2037.3393694181323 1099.3694251418817 11159.431 0.507 1383.1985574854098 14221
stats: 302 354 5062
stats: 200 119 2170
stats: size_rcv 4612354 56833133
stats: newphase 0 3
stats: 502 113 7205
stats: size_sent 740667 13789775
stats: connected -52 258
stats: 500 254 2012
# stats: dump at 1575518772
stats: users 189 421
stats: {freemem,"tsung_controller@ip-172-31-28-38"} 1 3394.9765625 0.0 3516.19921875 3394.9765625 3450.9090401785716 21
stats: {recvpackets,"tsung_controller@ip-172-31-28-38"} 1 4862.0 0.0 5516 220 3281.9 20
stats: {sentpackets,"tsung_controller@ip-172-31-28-38"} 1 3078.0 0.0 4432 241 2560.45 20
stats: {cpu,"tsung_controller@ip-172-31-28-38"} 1 4.426559356136821 0.0 8.635917566241414 1.0070493454179255 4.263134153371475 21
stats: {load,"tsung_controller@ip-172-31-28-38"} 1 0.0703125 0.0 0.1484375 0.0 0.04743303571428571 21
stats: session 68 122910.77339705882 17744.980319820374 163708.165 64584.762 114182.56865745857 181
stats: users_count 0 438
stats: finish_users_count 68 249
stats: request 774 1673.2009018087833 458.21440670615095 6732.403 0.488 1289.5566751170284 16449
stats: connect 0 0 0 18.333 0.82 1.2177488584474885 438
stats: page 679 1944.0919896907199 781.5234572030821 11159.431 0.507 1415.5120641711237 14960
stats: 302 353 5415
stats: 200 143 2313
stats: size_rcv 5167459 62000592
stats: newphase 0 3
stats: 502 0 7205
stats: size_sent 616234 14406009
stats: connected -68 190
stats: 500 278 2290
# stats: dump at 1575518782
stats: users 88 421
stats: {freemem,"tsung_controller@ip-172-31-28-38"} 1 3394.95703125 0.0 3516.19921875 3394.95703125 3448.3666548295455 22
stats: {recvpackets,"tsung_controller@ip-172-31-28-38"} 1 5083.0 0.0 5516 220 3357.1428571428573 21
stats: {sentpackets,"tsung_controller@ip-172-31-28-38"} 1 3160.0 0.0 4432 241 2585.095238095238 21
stats: {cpu,"tsung_controller@ip-172-31-28-38"} 1 4.317269076305221 0.0 8.635917566241414 1.0070493454179255 4.27056257167899 22
stats: {load,"tsung_controller@ip-172-31-28-38"} 1 0.05859375 0.0 0.1484375 0.0 0.04847301136363636 22
stats: session 101 123764.407980198 13459.95920433461 163708.165 64584.762 116566.17477108433 249
stats: users_count 0 438
stats: finish_users_count 101 350
stats: request 678 729.3115634218294 454.56739376350504 6732.403 0.488 1306.7976105788769 17223
stats: connect 0 0 0 18.333 0.82 1.2177488584474885 438
stats: page 587 861.0507137989771 605.8788561581448 11159.431 0.507 1438.4614707462122 15639
stats: 302 309 5724
stats: 200 147 2460
stats: size_rcv 5218889 67219481
stats: newphase 0 3
stats: 502 0 7205
stats: size_sent 522463 14928472
stats: connected -98 92
stats: 500 222 2512
# stats: dump at 1575518792
stats: users 29 421
stats: {freemem,"tsung_controller@ip-172-31-28-38"} 1 3397.17578125 0.0 3516.19921875 3394.95703125 3446.0444972826085 23
stats: {recvpackets,"tsung_controller@ip-172-31-28-38"} 1 5132.0 0.0 5516 220 3435.590909090909 22
stats: {sentpackets,"tsung_controller@ip-172-31-28-38"} 1 3106.0 0.0 4432 241 2611.2272727272725 22
stats: {cpu,"tsung_controller@ip-172-31-28-38"} 1 6.633165829145729 0.0 8.635917566241414 1.0070493454179255 4.272593289271435 23
stats: {load,"tsung_controller@ip-172-31-28-38"} 1 0.05078125 0.0 0.1484375 0.0 0.04891304347826087 23
stats: session 59 126331.89811864408 11169.380442671987 163708.165 64584.762 118643.37921142858 350
stats: users_count 0 438
stats: finish_users_count 59 409
stats: request 374 44.17557219251342 63.55013214957737 6732.403 0.488 1284.9253386402995 17901
stats: connect 0 0 0 18.333 0.82 1.2177488584474885 438
stats: page 320 51.638112500000055 74.97175039093787 11159.431 0.507 1417.5727665475172 16226
stats: 302 201 5925
stats: 200 73 2533
stats: size_rcv 2286691 69506172
stats: newphase 0 3
stats: 502 0 7205
stats: size_sent 326889 15255361
stats: connected -60 32
stats: 500 100 2612
# stats: dump at 1575518802
stats: users 5 421
stats: {freemem,"tsung_controller@ip-172-31-28-38"} 1 3405.53125 0.0 3516.19921875 3394.95703125 3444.00830078125 24
stats: {recvpackets,"tsung_controller@ip-172-31-28-38"} 1 1955.0 0.0 5516 220 3509.3478260869565 23
stats: {sentpackets,"tsung_controller@ip-172-31-28-38"} 1 1306.0 0.0 4432 241 2632.7391304347825 23
stats: {cpu,"tsung_controller@ip-172-31-28-38"} 1 3.2 0.0 8.635917566241414 1.0070493454179255 4.370950478432864 24
stats: {load,"tsung_controller@ip-172-31-28-38"} 1 0.0390625 0.0 0.1484375 0.0 0.048990885416666664 24
stats: session 24 134250.74687500004 9869.654393563835 163708.165 64584.762 119752.48096088019 409
stats: users_count 0 438
stats: finish_users_count 24 433
stats: request 109 45.85896330275231 55.57045345695406 6732.403 0.488 1259.533250396717 18275
stats: connect 0 0 0 18.333 0.82 1.2177488584474885 438
stats: page 88 56.81454545454546 71.77267885245071 11159.431 0.507 1391.1555606188813 16546
stats: 302 60 5985
stats: 200 37 2570
stats: size_rcv 1329691 70835863
stats: newphase 0 3
stats: 502 0 7205
stats: size_sent 93725 15349086
stats: connected -26 6
stats: 500 12 2624
# stats: dump at 1575518812
stats: users 1 421
stats: {freemem,"tsung_controller@ip-172-31-28-38"} 1 3423.390625 0.0 3516.19921875 3394.95703125 3442.46921875 25
stats: {recvpackets,"tsung_controller@ip-172-31-28-38"} 1 1171.0 0.0 5516 220 3444.5833333333335 24
stats: {sentpackets,"tsung_controller@ip-172-31-28-38"} 1 769.0 0.0 4432 241 2577.4583333333335 24
stats: {cpu,"tsung_controller@ip-172-31-28-38"} 1 2.8000000000000003 0.0 8.635917566241414 1.0070493454179255 4.3241124592955495 25
stats: {load,"tsung_controller@ip-172-31-28-38"} 1 0.03125 0.0 0.1484375 0.0 0.04859375 25
stats: session 4 140693.23724999998 12645.651332197294 163708.165 64584.762 120556.07999538105 433
stats: users_count 0 438
stats: finish_users_count 4 437
stats: request 11 21.508181818181818 25.22139323459778 6732.403 0.488 1252.3372921018279 18384
stats: connect 0 0 0 18.333 0.82 1.2177488584474885 438
stats: page 9 26.299555555555557 30.67243713503166 11159.431 0.507 1384.0964041120603 16634
stats: 302 6 5991
stats: 200 3 2573
stats: size_rcv 90356 70926219
stats: newphase 0 3
stats: 502 0 7205
stats: size_sent 8988 15358074
stats: connected -5 1
stats: 500 2 2626
# stats: dump at 1575518820
stats: users 0 421
stats: {freemem,"tsung_controller@ip-172-31-28-38"} 1 3423.7265625 0.0 3516.19921875 3394.95703125 3441.7354266826924 26
stats: {recvpackets,"tsung_controller@ip-172-31-28-38"} 1 18.0 0.0 5516 18 3353.64 25
stats: {sentpackets,"tsung_controller@ip-172-31-28-38"} 1 14.0 0.0 4432 14 2505.12 25
stats: {cpu,"tsung_controller@ip-172-31-28-38"} 1 0.10010010010010009 0.0 8.635917566241414 0.10010010010010009 4.265492749322644 26
stats: {load,"tsung_controller@ip-172-31-28-38"} 1 0.03125 0.0 0.1484375 0.0 0.047926682692307696 26
stats: session 1 155057.133 0.0 163708.165 64584.762 120740.40180091532 437
stats: users_count 0 438
stats: finish_users_count 1 438
stats: request 1 8.342 0.0 6732.403 0.488 1251.6012703452027 18395
stats: connect 0 0 0 18.333 0.82 1.2177488584474885 438
stats: page 1 8.342 0.0 11159.431 0.507 1383.3621511746685 16643
stats: 302 1 5992
stats: 200 0 2573
stats: size_rcv 145 70926364
stats: newphase 0 3
stats: 502 0 7205
stats: size_sent 660 15358734
stats: connected -1 0
stats: 500 0 2626
EndMonitor:{1575,518820,21203}
